<?xml version="1.0" encoding="UTF-8"?>
<testsuite xmlns:xsi="http://www.w3.org/2001/XMLSchema-instance" xsi:noNamespaceSchemaLocation="https://maven.apache.org/surefire/maven-failsafe-plugin/xsd/failsafe-test-report-3.0.xsd" version="3.0" name="User" time="1.793" tests="3" errors="0" skipped="0" failures="0">
  <properties>
[...]
</properties>
  <testcase name="get all data users" classname="User" time="0.71">
    <system-out><![CDATA[

24
 Scenarios (
&amp#27;[32m24 passed&amp#27;[0m
)


106
 Steps (
&amp#27;[32m106 passed&amp#27;[0m
)


0m
20.140s






23:57:43.126 [pool-2-thread-1] DEBUG net.thucydides.core.reports.ReportService - Reporting formats: [JSON, HTML]

23:57:43.216 [pool-2-thread-1] DEBUG net.thucydides.core.reports.ReportService - Reporting formats: [JSON, HTML]

23:57:43.232 [pool-2-thread-1] DEBUG net.thucydides.core.reports.ReportService - Generating reports for 24 test outcomes using: net.thucydides.core.reports.json.JSONTestOutcomeReporter@5e508a09

23:57:43.234 [pool-2-thread-4] DEBUG net.thucydides.core.reports.ReportService - Processing test outcome As a user on login page:User input valid email and unvalid password

23:57:43.233 [pool-2-thread-1] DEBUG net.thucydides.core.reports.ReportService - Processing test outcome As a user i can like or unlike thread:User like a thread

23:57:43.234 [pool-2-thread-4] INFO net.thucydides.core.reports.ReportService - net.thucydides.core.reports.json.JSONTestOutcomeReporter@5e508a09: Generating report for test outcome: As a user on login page:User input valid email and unvalid password

23:57:43.233 [pool-2-thread-2] DEBUG net.thucydides.core.reports.ReportService - Processing test outcome As a user i can like or unlike thread:User unlike a thread

23:57:43.234 [pool-2-thread-2] INFO net.thucydides.core.reports.ReportService - net.thucydides.core.reports.json.JSONTestOutcomeReporter@5e508a09: Generating report for test outcome: As a user i can like or unlike thread:User unlike a thread

23:57:43.234 [pool-2-thread-3] DEBUG net.thucydides.core.reports.ReportService - Processing test outcome As a user on login page:User input valid email and password

23:57:43.234 [pool-2-thread-3] INFO net.thucydides.core.reports.ReportService - net.thucydides.core.reports.json.JSONTestOutcomeReporter@5e508a09: Generating report for test outcome: As a user on login page:User input valid email and password

23:57:43.234 [pool-2-thread-1] INFO net.thucydides.core.reports.ReportService - net.thucydides.core.reports.json.JSONTestOutcomeReporter@5e508a09: Generating report for test outcome: As a user i can like or unlike thread:User like a thread

23:57:43.245 [pool-2-thread-2] DEBUG net.thucydides.core.reports.json.JSONTestOutcomeReporter - Generating JSON report for User unlike a thread to file D:\CAPSTONE PROJECT KELOMPOK 32\REST API CAPSTONE\target\site\serenity\efaaaa5f4749f5cb131646c316e4c68496899ace8c84b349c9a0cd47361ef782.json (using temp file D:\CAPSTONE PROJECT KELOMPOK 32\REST API CAPSTONE\target\site\serenity\efaaaa5f4749f5cb131646c316e4c68496899ace8c84b349c9a0cd47361ef782.json8ec8a771-4df6-46a5-a7c7-ce7602694d5e)

23:57:43.245 [pool-2-thread-4] DEBUG net.thucydides.core.reports.json.JSONTestOutcomeReporter - Generating JSON report for User input valid email and unvalid password to file D:\CAPSTONE PROJECT KELOMPOK 32\REST API CAPSTONE\target\site\serenity\66a9e9a62113a9ffd93c83c9820c41dfacef5dc889f9a3d9127b7c685ab2204f.json (using temp file D:\CAPSTONE PROJECT KELOMPOK 32\REST API CAPSTONE\target\site\serenity\66a9e9a62113a9ffd93c83c9820c41dfacef5dc889f9a3d9127b7c685ab2204f.json7360654d-705d-4671-830f-c6775352c30b)

23:57:43.245 [pool-2-thread-1] DEBUG net.thucydides.core.reports.json.JSONTestOutcomeReporter - Generating JSON report for User like a thread to file D:\CAPSTONE PROJECT KELOMPOK 32\REST API CAPSTONE\target\site\serenity\2ecd2fdf6f437a2d21353dbc908fa2926deffba7505be9bb4233d0a0ddbb85ef.json (using temp file D:\CAPSTONE PROJECT KELOMPOK 32\REST API CAPSTONE\target\site\serenity\2ecd2fdf6f437a2d21353dbc908fa2926deffba7505be9bb4233d0a0ddbb85ef.json9fdc778c-7689-46ba-8237-1cf81a9f4ed8)

23:57:43.245 [pool-2-thread-3] DEBUG net.thucydides.core.reports.json.JSONTestOutcomeReporter - Generating JSON report for User input valid email and password to file D:\CAPSTONE PROJECT KELOMPOK 32\REST API CAPSTONE\target\site\serenity\b5b5431d8b6e20d5cffbcf71ec59506106c6122872620d160bc75c0a719257c6.json (using temp file D:\CAPSTONE PROJECT KELOMPOK 32\REST API CAPSTONE\target\site\serenity\b5b5431d8b6e20d5cffbcf71ec59506106c6122872620d160bc75c0a719257c6.json8c4ccc98-6f45-4fdf-8459-a6822cb65d7b)

23:57:43.292 [pool-2-thread-3] DEBUG net.thucydides.core.reports.ReportService - Processing test outcome As a user on login page:User input valid email and password done

23:57:43.292 [pool-2-thread-3] DEBUG net.thucydides.core.reports.ReportService - Processing test outcome As a user on login page:User input unvalid email and valid password

23:57:43.292 [pool-2-thread-3] INFO net.thucydides.core.reports.ReportService - net.thucydides.core.reports.json.JSONTestOutcomeReporter@5e508a09: Generating report for test outcome: As a user on login page:User input unvalid email and valid password

23:57:43.293 [pool-2-thread-2] DEBUG net.thucydides.core.reports.ReportService - Processing test outcome As a user i can like or unlike thread:User unlike a thread done

23:57:43.293 [pool-2-thread-3] DEBUG net.thucydides.core.reports.json.JSONTestOutcomeReporter - Generating JSON report for User input unvalid email and valid password to file D:\CAPSTONE PROJECT KELOMPOK 32\REST API CAPSTONE\target\site\serenity\631bce4a02f45b704a967ce40e05e23c340ba396a2f7693f0341bd42797d6e1e.json (using temp file D:\CAPSTONE PROJECT KELOMPOK 32\REST API CAPSTONE\target\site\serenity\631bce4a02f45b704a967ce40e05e23c340ba396a2f7693f0341bd42797d6e1e.json854ac386-02fe-47e5-95ba-81c5bad1a687)

23:57:43.293 [pool-2-thread-2] DEBUG net.thucydides.core.reports.ReportService - Processing test outcome As a user on login page:User input unvalid email and unvalid password

23:57:43.293 [pool-2-thread-2] INFO net.thucydides.core.reports.ReportService - net.thucydides.core.reports.json.JSONTestOutcomeReporter@5e508a09: Generating report for test outcome: As a user on login page:User input unvalid email and unvalid password

23:57:43.294 [pool-2-thread-2] DEBUG net.thucydides.core.reports.json.JSONTestOutcomeReporter - Generating JSON report for User input unvalid email and unvalid password to file D:\CAPSTONE PROJECT KELOMPOK 32\REST API CAPSTONE\target\site\serenity\f19865c149dc716105221c0ddb73fbc96dea530bad4fd722a5fec67d3599d71b.json (using temp file D:\CAPSTONE PROJECT KELOMPOK 32\REST API CAPSTONE\target\site\serenity\f19865c149dc716105221c0ddb73fbc96dea530bad4fd722a5fec67d3599d71b.jsonadb2c1fa-7a8b-475a-bd18-69d7ef014dc9)

23:57:43.296 [pool-2-thread-4] DEBUG net.thucydides.core.reports.ReportService - Processing test outcome As a user on login page:User input valid email and unvalid password done

23:57:43.296 [pool-2-thread-4] DEBUG net.thucydides.core.reports.ReportService - Processing test outcome As a user on profil page:User get data profile

23:57:43.296 [pool-2-thread-4] INFO net.thucydides.core.reports.ReportService - net.thucydides.core.reports.json.JSONTestOutcomeReporter@5e508a09: Generating report for test outcome: As a user on profil page:User get data profile

23:57:43.297 [pool-2-thread-4] DEBUG net.thucydides.core.reports.json.JSONTestOutcomeReporter - Generating JSON report for User get data profile to file D:\CAPSTONE PROJECT KELOMPOK 32\REST API CAPSTONE\target\site\serenity\35b414917171d607223db169340508d852530966a29e46368173c371b26d2102.json (using temp file D:\CAPSTONE PROJECT KELOMPOK 32\REST API CAPSTONE\target\site\serenity\35b414917171d607223db169340508d852530966a29e46368173c371b26d2102.json65b16c2c-37d8-4b8c-88ff-56b45775d6eb)

23:57:43.306 [pool-2-thread-4] DEBUG net.thucydides.core.reports.ReportService - Processing test outcome As a user on profil page:User get data profile done

23:57:43.306 [pool-2-thread-4] DEBUG net.thucydides.core.reports.ReportService - Processing test outcome As a user on profil page:User get my thread

23:57:43.306 [pool-2-thread-4] INFO net.thucydides.core.reports.ReportService - net.thucydides.core.reports.json.JSONTestOutcomeReporter@5e508a09: Generating report for test outcome: As a user on profil page:User get my thread

23:57:43.307 [pool-2-thread-4] DEBUG net.thucydides.core.reports.json.JSONTestOutcomeReporter - Generating JSON report for User get my thread to file D:\CAPSTONE PROJECT KELOMPOK 32\REST API CAPSTONE\target\site\serenity\fc813ddbef1c4fc1cab20fde1cdef656296f7a7f4e6cdc16a418460011201c70.json (using temp file D:\CAPSTONE PROJECT KELOMPOK 32\REST API CAPSTONE\target\site\serenity\fc813ddbef1c4fc1cab20fde1cdef656296f7a7f4e6cdc16a418460011201c70.jsonc9c18946-b619-4e14-b8c2-9266b87ce13c)

23:57:43.308 [pool-2-thread-1] DEBUG net.thucydides.core.reports.ReportService - Processing test outcome As a user i can like or unlike thread:User like a thread done

23:57:43.309 [pool-2-thread-1] DEBUG net.thucydides.core.reports.ReportService - Processing test outcome As a user on profil page:User delete my thread

23:57:43.309 [pool-2-thread-1] INFO net.thucydides.core.reports.ReportService - net.thucydides.core.reports.json.JSONTestOutcomeReporter@5e508a09: Generating report for test outcome: As a user on profil page:User delete my thread

23:57:43.312 [pool-2-thread-1] DEBUG net.thucydides.core.reports.json.JSONTestOutcomeReporter - Generating JSON report for User delete my thread to file D:\CAPSTONE PROJECT KELOMPOK 32\REST API CAPSTONE\target\site\serenity\f58790ef174b437cda6692b59152692c8c8a3d4c3cb600fa0c6863270f9b9c41.json (using temp file D:\CAPSTONE PROJECT KELOMPOK 32\REST API CAPSTONE\target\site\serenity\f58790ef174b437cda6692b59152692c8c8a3d4c3cb600fa0c6863270f9b9c41.json5c93cd8d-2040-4d30-af3a-58076487a9c3)

23:57:43.315 [pool-2-thread-2] DEBUG net.thucydides.core.reports.ReportService - Processing test outcome As a user on login page:User input unvalid email and unvalid password done

23:57:43.315 [pool-2-thread-2] DEBUG net.thucydides.core.reports.ReportService - Processing test outcome As a user on register page:User register with valid data

23:57:43.315 [pool-2-thread-2] INFO net.thucydides.core.reports.ReportService - net.thucydides.core.reports.json.JSONTestOutcomeReporter@5e508a09: Generating report for test outcome: As a user on register page:User register with valid data

23:57:43.317 [pool-2-thread-2] DEBUG net.thucydides.core.reports.json.JSONTestOutcomeReporter - Generating JSON report for User register with valid data to file D:\CAPSTONE PROJECT KELOMPOK 32\REST API CAPSTONE\target\site\serenity\e6851169e2bf5ea5142f259de15285d31c1fb7fd33f67903bef670a08db24b67.json (using temp file D:\CAPSTONE PROJECT KELOMPOK 32\REST API CAPSTONE\target\site\serenity\e6851169e2bf5ea5142f259de15285d31c1fb7fd33f67903bef670a08db24b67.json205d3988-a969-4132-a3db-d6d9fb1c907d)

23:57:43.320 [pool-2-thread-1] DEBUG net.thucydides.core.reports.ReportService - Processing test outcome As a user on profil page:User delete my thread done

23:57:43.320 [pool-2-thread-1] DEBUG net.thucydides.core.reports.ReportService - Processing test outcome As a user on register page:User register but no input firstname

23:57:43.320 [pool-2-thread-1] INFO net.thucydides.core.reports.ReportService - net.thucydides.core.reports.json.JSONTestOutcomeReporter@5e508a09: Generating report for test outcome: As a user on register page:User register but no input firstname

23:57:43.327 [pool-2-thread-3] DEBUG net.thucydides.core.reports.ReportService - Processing test outcome As a user on login page:User input unvalid email and valid password done

23:57:43.327 [pool-2-thread-3] DEBUG net.thucydides.core.reports.ReportService - Processing test outcome As a user on register page:User register but no input lastname

23:57:43.327 [pool-2-thread-3] INFO net.thucydides.core.reports.ReportService - net.thucydides.core.reports.json.JSONTestOutcomeReporter@5e508a09: Generating report for test outcome: As a user on register page:User register but no input lastname

23:57:43.329 [pool-2-thread-3] DEBUG net.thucydides.core.reports.json.JSONTestOutcomeReporter - Generating JSON report for User register but no input lastname to file D:\CAPSTONE PROJECT KELOMPOK 32\REST API CAPSTONE\target\site\serenity\23edc55c0fe60ab496e1846ed66e3065f66c9d253f252a3b1a2023add3cb5020.json (using temp file D:\CAPSTONE PROJECT KELOMPOK 32\REST API CAPSTONE\target\site\serenity\23edc55c0fe60ab496e1846ed66e3065f66c9d253f252a3b1a2023add3cb5020.jsonc40e4f10-f086-4d6e-a810-63efa8f2a5ab)

23:57:43.329 [pool-2-thread-4] DEBUG net.thucydides.core.reports.ReportService - Processing test outcome As a user on profil page:User get my thread done

23:57:43.329 [pool-2-thread-4] DEBUG net.thucydides.core.reports.ReportService - Processing test outcome As a user on register page:User register but no input email

23:57:43.329 [pool-2-thread-4] INFO net.thucydides.core.reports.ReportService - net.thucydides.core.reports.json.JSONTestOutcomeReporter@5e508a09: Generating report for test outcome: As a user on register page:User register but no input email

23:57:43.330 [pool-2-thread-4] DEBUG net.thucydides.core.reports.json.JSONTestOutcomeReporter - Generating JSON report for User register but no input email to file D:\CAPSTONE PROJECT KELOMPOK 32\REST API CAPSTONE\target\site\serenity\7f410c4d9179aad22f3951c19c263e6b7adbd40fc64768d431435d31b95237e3.json (using temp file D:\CAPSTONE PROJECT KELOMPOK 32\REST API CAPSTONE\target\site\serenity\7f410c4d9179aad22f3951c19c263e6b7adbd40fc64768d431435d31b95237e3.json0b7f1a92-cd31-492a-8025-ea90083cd33d)

23:57:43.340 [pool-2-thread-1] DEBUG net.thucydides.core.reports.json.JSONTestOutcomeReporter - Generating JSON report for User register but no input firstname to file D:\CAPSTONE PROJECT KELOMPOK 32\REST API CAPSTONE\target\site\serenity\0e7c0521f011af671e6e81c0c440585dc8e423a6f28808f52c117d7b2ec409ee.json (using temp file D:\CAPSTONE PROJECT KELOMPOK 32\REST API CAPSTONE\target\site\serenity\0e7c0521f011af671e6e81c0c440585dc8e423a6f28808f52c117d7b2ec409ee.json1b50a791-78d9-42b4-9ef6-ea1c5a3eea6e)

23:57:43.344 [pool-2-thread-2] DEBUG net.thucydides.core.reports.ReportService - Processing test outcome As a user on register page:User register with valid data done

23:57:43.344 [pool-2-thread-2] DEBUG net.thucydides.core.reports.ReportService - Processing test outcome As a user on register page:User register but no input password

23:57:43.344 [pool-2-thread-2] INFO net.thucydides.core.reports.ReportService - net.thucydides.core.reports.json.JSONTestOutcomeReporter@5e508a09: Generating report for test outcome: As a user on register page:User register but no input password

23:57:43.348 [pool-2-thread-1] DEBUG net.thucydides.core.reports.ReportService - Processing test outcome As a user on register page:User register but no input firstname done

23:57:43.349 [pool-2-thread-1] DEBUG net.thucydides.core.reports.ReportService - Processing test outcome As a user on register page:User register but no input tanggal lahir

23:57:43.349 [pool-2-thread-1] INFO net.thucydides.core.reports.ReportService - net.thucydides.core.reports.json.JSONTestOutcomeReporter@5e508a09: Generating report for test outcome: As a user on register page:User register but no input tanggal lahir

23:57:43.350 [pool-2-thread-1] DEBUG net.thucydides.core.reports.json.JSONTestOutcomeReporter - Generating JSON report for User register but no input tanggal lahir to file D:\CAPSTONE PROJECT KELOMPOK 32\REST API CAPSTONE\target\site\serenity\087ef722d8d9869b50e36e5533bc281b53d34b9060d4661dffecf9623f9e38f6.json (using temp file D:\CAPSTONE PROJECT KELOMPOK 32\REST API CAPSTONE\target\site\serenity\087ef722d8d9869b50e36e5533bc281b53d34b9060d4661dffecf9623f9e38f6.json1d5dddab-45c4-4912-acf7-f7618ab53488)

23:57:43.346 [pool-2-thread-2] DEBUG net.thucydides.core.reports.json.JSONTestOutcomeReporter - Generating JSON report for User register but no input password to file D:\CAPSTONE PROJECT KELOMPOK 32\REST API CAPSTONE\target\site\serenity\d970347056f8533cb008716d5000bca05bc66f523519aec91a2ef501985de763.json (using temp file D:\CAPSTONE PROJECT KELOMPOK 32\REST API CAPSTONE\target\site\serenity\d970347056f8533cb008716d5000bca05bc66f523519aec91a2ef501985de763.json52ce09d5-c87f-4c69-a915-be07db671bbd)

23:57:43.354 [pool-2-thread-1] DEBUG net.thucydides.core.reports.ReportService - Processing test outcome As a user on register page:User register but no input tanggal lahir done

23:57:43.354 [pool-2-thread-1] DEBUG net.thucydides.core.reports.ReportService - Processing test outcome As a user on register page:User register but no input jenis kelamin

23:57:43.354 [pool-2-thread-1] INFO net.thucydides.core.reports.ReportService - net.thucydides.core.reports.json.JSONTestOutcomeReporter@5e508a09: Generating report for test outcome: As a user on register page:User register but no input jenis kelamin

23:57:43.355 [pool-2-thread-1] DEBUG net.thucydides.core.reports.json.JSONTestOutcomeReporter - Generating JSON report for User register but no input jenis kelamin to file D:\CAPSTONE PROJECT KELOMPOK 32\REST API CAPSTONE\target\site\serenity\e7c32e9436c9a8379fe1df87c48af783a8379a012b3de18f371d4c46febcf883.json (using temp file D:\CAPSTONE PROJECT KELOMPOK 32\REST API CAPSTONE\target\site\serenity\e7c32e9436c9a8379fe1df87c48af783a8379a012b3de18f371d4c46febcf883.jsonec3f4a0d-1aad-489b-ad64-6610262c5686)

23:57:43.357 [pool-2-thread-3] DEBUG net.thucydides.core.reports.ReportService - Processing test outcome As a user on register page:User register but no input lastname done

23:57:43.358 [pool-2-thread-3] DEBUG net.thucydides.core.reports.ReportService - Processing test outcome As a user on category thread:User get thread category

23:57:43.358 [pool-2-thread-3] INFO net.thucydides.core.reports.ReportService - net.thucydides.core.reports.json.JSONTestOutcomeReporter@5e508a09: Generating report for test outcome: As a user on category thread:User get thread category

23:57:43.359 [pool-2-thread-3] DEBUG net.thucydides.core.reports.json.JSONTestOutcomeReporter - Generating JSON report for User get thread category to file D:\CAPSTONE PROJECT KELOMPOK 32\REST API CAPSTONE\target\site\serenity\5eab7fe5b44ce415c78b3f6e82c9a656de32685f2cd8bc9f61e3107607e2f143.json (using temp file D:\CAPSTONE PROJECT KELOMPOK 32\REST API CAPSTONE\target\site\serenity\5eab7fe5b44ce415c78b3f6e82c9a656de32685f2cd8bc9f61e3107607e2f143.json4b40decd-187e-43d0-8707-5b2a8df8accc)

23:57:43.362 [pool-2-thread-4] DEBUG net.thucydides.core.reports.ReportService - Processing test outcome As a user on register page:User register but no input email done

23:57:43.362 [pool-2-thread-4] DEBUG net.thucydides.core.reports.ReportService - Processing test outcome As a user on category thread:User get all thread

23:57:43.362 [pool-2-thread-4] INFO net.thucydides.core.reports.ReportService - net.thucydides.core.reports.json.JSONTestOutcomeReporter@5e508a09: Generating report for test outcome: As a user on category thread:User get all thread

23:57:43.363 [pool-2-thread-3] DEBUG net.thucydides.core.reports.ReportService - Processing test outcome As a user on category thread:User get thread category done

23:57:43.363 [pool-2-thread-4] DEBUG net.thucydides.core.reports.json.JSONTestOutcomeReporter - Generating JSON report for User get all thread to file D:\CAPSTONE PROJECT KELOMPOK 32\REST API CAPSTONE\target\site\serenity\ca3703a3b1078fd5c1c1f0898dd0b3a5817591927ed81f64a4a5fe05fdf57582.json (using temp file D:\CAPSTONE PROJECT KELOMPOK 32\REST API CAPSTONE\target\site\serenity\ca3703a3b1078fd5c1c1f0898dd0b3a5817591927ed81f64a4a5fe05fdf57582.json65dbe903-4e2e-47ad-8f0c-72c7e074244f)

23:57:43.363 [pool-2-thread-3] DEBUG net.thucydides.core.reports.ReportService - Processing test outcome As a user on category thread:User get thread by id

23:57:43.363 [pool-2-thread-3] INFO net.thucydides.core.reports.ReportService - net.thucydides.core.reports.json.JSONTestOutcomeReporter@5e508a09: Generating report for test outcome: As a user on category thread:User get thread by id

23:57:43.364 [pool-2-thread-3] DEBUG net.thucydides.core.reports.json.JSONTestOutcomeReporter - Generating JSON report for User get thread by id to file D:\CAPSTONE PROJECT KELOMPOK 32\REST API CAPSTONE\target\site\serenity\17182f9341d6cbd70762516e892f64ebdacdb99e057ef9e9e98189834b329210.json (using temp file D:\CAPSTONE PROJECT KELOMPOK 32\REST API CAPSTONE\target\site\serenity\17182f9341d6cbd70762516e892f64ebdacdb99e057ef9e9e98189834b329210.jsona3926fc4-7427-4e77-a73e-ce463adba29b)

23:57:43.369 [pool-2-thread-3] DEBUG net.thucydides.core.reports.ReportService - Processing test outcome As a user on category thread:User get thread by id done

23:57:43.369 [pool-2-thread-3] DEBUG net.thucydides.core.reports.ReportService - Processing test outcome As a user on category thread:User get thread by kategori

23:57:43.369 [pool-2-thread-3] INFO net.thucydides.core.reports.ReportService - net.thucydides.core.reports.json.JSONTestOutcomeReporter@5e508a09: Generating report for test outcome: As a user on category thread:User get thread by kategori

23:57:43.370 [pool-2-thread-1] DEBUG net.thucydides.core.reports.ReportService - Processing test outcome As a user on register page:User register but no input jenis kelamin done

23:57:43.370 [pool-2-thread-1] DEBUG net.thucydides.core.reports.ReportService - Processing test outcome As a user on category thread:User get trending thread

23:57:43.370 [pool-2-thread-1] INFO net.thucydides.core.reports.ReportService - net.thucydides.core.reports.json.JSONTestOutcomeReporter@5e508a09: Generating report for test outcome: As a user on category thread:User get trending thread

23:57:43.373 [pool-2-thread-1] DEBUG net.thucydides.core.reports.json.JSONTestOutcomeReporter - Generating JSON report for User get trending thread to file D:\CAPSTONE PROJECT KELOMPOK 32\REST API CAPSTONE\target\site\serenity\ffbc0031af4fac3a19aba2b37c689168f1e260f2ba5466c64ae3f77a1d05b830.json (using temp file D:\CAPSTONE PROJECT KELOMPOK 32\REST API CAPSTONE\target\site\serenity\ffbc0031af4fac3a19aba2b37c689168f1e260f2ba5466c64ae3f77a1d05b830.json63890505-0541-45da-ab31-d666864d0553)

23:57:43.375 [pool-2-thread-2] DEBUG net.thucydides.core.reports.ReportService - Processing test outcome As a user on register page:User register but no input password done

23:57:43.375 [pool-2-thread-2] DEBUG net.thucydides.core.reports.ReportService - Processing test outcome User:get all data users

23:57:43.375 [pool-2-thread-2] INFO net.thucydides.core.reports.ReportService - net.thucydides.core.reports.json.JSONTestOutcomeReporter@5e508a09: Generating report for test outcome: User:get all data users

23:57:43.376 [pool-2-thread-2] DEBUG net.thucydides.core.reports.json.JSONTestOutcomeReporter - Generating JSON report for get all data users to file D:\CAPSTONE PROJECT KELOMPOK 32\REST API CAPSTONE\target\site\serenity\5a864a9bf2f5cdf5a07346547367be6c562c7de7533bb64958b7d68984f76019.json (using temp file D:\CAPSTONE PROJECT KELOMPOK 32\REST API CAPSTONE\target\site\serenity\5a864a9bf2f5cdf5a07346547367be6c562c7de7533bb64958b7d68984f76019.jsoneb0a3f1d-5172-4639-b332-ae7e9c4ad10f)

23:57:43.381 [pool-2-thread-3] DEBUG net.thucydides.core.reports.json.JSONTestOutcomeReporter - Generating JSON report for User get thread by kategori to file D:\CAPSTONE PROJECT KELOMPOK 32\REST API CAPSTONE\target\site\serenity\0da9d128b51e4a3517cd58b1d7aa4d2c99912ff6af9f6f7ea7423c93e8622b25.json (using temp file D:\CAPSTONE PROJECT KELOMPOK 32\REST API CAPSTONE\target\site\serenity\0da9d128b51e4a3517cd58b1d7aa4d2c99912ff6af9f6f7ea7423c93e8622b25.jsonf6e616c7-78da-4116-96c8-ec0abc386cc6)

23:57:43.381 [pool-2-thread-2] DEBUG net.thucydides.core.reports.ReportService - Processing test outcome User:get all data users done

23:57:43.382 [pool-2-thread-2] DEBUG net.thucydides.core.reports.ReportService - Processing test outcome User:get data followers details

23:57:43.382 [pool-2-thread-2] INFO net.thucydides.core.reports.ReportService - net.thucydides.core.reports.json.JSONTestOutcomeReporter@5e508a09: Generating report for test outcome: User:get data followers details

23:57:43.385 [pool-2-thread-2] DEBUG net.thucydides.core.reports.json.JSONTestOutcomeReporter - Generating JSON report for get data followers details to file D:\CAPSTONE PROJECT KELOMPOK 32\REST API CAPSTONE\target\site\serenity\53381b2a884123045a1976eb55cbe2ecdcfe65a43dc35c9167e7c21c2e0cccac.json (using temp file D:\CAPSTONE PROJECT KELOMPOK 32\REST API CAPSTONE\target\site\serenity\53381b2a884123045a1976eb55cbe2ecdcfe65a43dc35c9167e7c21c2e0cccac.json651151a1-4414-428d-865e-f7706ae46d04)

23:57:43.385 [pool-2-thread-4] DEBUG net.thucydides.core.reports.ReportService - Processing test outcome As a user on category thread:User get all thread done

23:57:43.385 [pool-2-thread-4] DEBUG net.thucydides.core.reports.ReportService - Processing test outcome User:get data following details users

23:57:43.385 [pool-2-thread-4] INFO net.thucydides.core.reports.ReportService - net.thucydides.core.reports.json.JSONTestOutcomeReporter@5e508a09: Generating report for test outcome: User:get data following details users

23:57:43.388 [pool-2-thread-4] DEBUG net.thucydides.core.reports.json.JSONTestOutcomeReporter - Generating JSON report for get data following details users to file D:\CAPSTONE PROJECT KELOMPOK 32\REST API CAPSTONE\target\site\serenity\1d03f904aa03d5bab7156566a6c17bd20a5070aea58fd2e6ebb9975b9d4ba840.json (using temp file D:\CAPSTONE PROJECT KELOMPOK 32\REST API CAPSTONE\target\site\serenity\1d03f904aa03d5bab7156566a6c17bd20a5070aea58fd2e6ebb9975b9d4ba840.json35595469-f22f-4560-acb0-416988f0a864)

23:57:43.392 [pool-2-thread-3] DEBUG net.thucydides.core.reports.ReportService - Processing test outcome As a user on category thread:User get thread by kategori done

23:57:43.400 [pool-2-thread-1] DEBUG net.thucydides.core.reports.ReportService - Processing test outcome As a user on category thread:User get trending thread done

23:57:43.401 [pool-2-thread-2] DEBUG net.thucydides.core.reports.ReportService - Processing test outcome User:get data followers details done

23:57:43.401 [pool-2-thread-4] DEBUG net.thucydides.core.reports.ReportService - Processing test outcome User:get data following details users done

23:57:43.401 [pool-2-thread-1] DEBUG net.thucydides.core.reports.ReportService - Shutting down executor service

23:57:43.401 [pool-2-thread-1] DEBUG net.thucydides.core.reports.ReportService - Reports generated in: 169 ms

23:57:43.401 [pool-2-thread-1] DEBUG net.thucydides.core.reports.ReportService - Generating reports for 24 test outcomes using: net.thucydides.core.reports.html.HtmlAcceptanceTestReporter@7c27442c

23:57:43.404 [pool-3-thread-2] DEBUG net.thucydides.core.reports.ReportService - Processing test outcome As a user i can like or unlike thread:User unlike a thread

23:57:43.404 [pool-3-thread-3] DEBUG net.thucydides.core.reports.ReportService - Processing test outcome As a user on login page:User input valid email and password

23:57:43.404 [pool-3-thread-3] INFO net.thucydides.core.reports.ReportService - net.thucydides.core.reports.html.HtmlAcceptanceTestReporter@7c27442c: Generating report for test outcome: As a user on login page:User input valid email and password

23:57:43.404 [pool-3-thread-4] DEBUG net.thucydides.core.reports.ReportService - Processing test outcome As a user on login page:User input valid email and unvalid password

23:57:43.404 [pool-3-thread-4] INFO net.thucydides.core.reports.ReportService - net.thucydides.core.reports.html.HtmlAcceptanceTestReporter@7c27442c: Generating report for test outcome: As a user on login page:User input valid email and unvalid password

23:57:43.404 [pool-3-thread-2] INFO net.thucydides.core.reports.ReportService - net.thucydides.core.reports.html.HtmlAcceptanceTestReporter@7c27442c: Generating report for test outcome: As a user i can like or unlike thread:User unlike a thread

23:57:43.404 [pool-3-thread-1] DEBUG net.thucydides.core.reports.ReportService - Processing test outcome As a user i can like or unlike thread:User like a thread

23:57:43.405 [pool-3-thread-1] INFO net.thucydides.core.reports.ReportService - net.thucydides.core.reports.html.HtmlAcceptanceTestReporter@7c27442c: Generating report for test outcome: As a user i can like or unlike thread:User like a thread

23:57:43.428 [pool-3-thread-2] WARN net.thucydides.core.requirements.RequirementsTagProvider - Failed to load requirements: Illegal char <:> at index 4: file:\D:\CAPSTONE%20PROJECT%20KELOMPOK%2032\REST%20API%20CAPSTONE\src\test\resources\api\LikeThread.feature
java.nio.file.InvalidPathException: Illegal char <:> at index 4: file:\D:\CAPSTONE%20PROJECT%20KELOMPOK%2032\REST%20API%20CAPSTONE\src\test\resources\api\LikeThread.feature
	at java.base/sun.nio.fs.WindowsPathParser.normalize(WindowsPathParser.java:182)
	at java.base/sun.nio.fs.WindowsPathParser.parse(WindowsPathParser.java:153)
	at java.base/sun.nio.fs.WindowsPathParser.parse(WindowsPathParser.java:77)
	at java.base/sun.nio.fs.WindowsPath.parse(WindowsPath.java:92)
	at java.base/sun.nio.fs.WindowsFileSystem.getPath(WindowsFileSystem.java:229)
	at java.base/java.io.File.toPath(File.java:2329)
	at net.thucydides.core.requirements.RootDirectory.getRelativePathOf(RootDirectory.java:364)
	at net.thucydides.core.requirements.FileSystemRequirementsTagProvider.requirementWithMatchingPath(FileSystemRequirementsTagProvider.java:372)
	at net.thucydides.core.requirements.FileSystemRequirementsTagProvider.getParentRequirementOf(FileSystemRequirementsTagProvider.java:335)
	at net.thucydides.core.requirements.ParentRequirementsProvided.forOutcome(ParentRequirementsProvided.java:26)
	at net.thucydides.core.requirements.BaseRequirementsService.getParentRequirementOf(BaseRequirementsService.java:138)
	at net.thucydides.core.requirements.BaseRequirementsService.getParentRequirementFor(BaseRequirementsService.java:48)
	at net.thucydides.core.reports.html.HtmlAcceptanceTestReporter.addParentRequirmentFieldToContext(HtmlAcceptanceTestReporter.java:196)
	at net.thucydides.core.reports.html.HtmlAcceptanceTestReporter.addTestOutcomeToContext(HtmlAcceptanceTestReporter.java:190)
	at net.thucydides.core.reports.html.HtmlAcceptanceTestReporter.generateReportFor(HtmlAcceptanceTestReporter.java:105)
	at net.thucydides.core.reports.ReportService.generateReportFor(ReportService.java:246)
	at net.thucydides.core.reports.ReportService.lambda$generateReportsFor$0(ReportService.java:184)
	at java.base/java.util.concurrent.Executors$RunnableAdapter.call(Executors.java:515)
	at java.base/java.util.concurrent.FutureTask.run(FutureTask.java:264)
	at java.base/java.util.concurrent.ThreadPoolExecutor.runWorker(ThreadPoolExecutor.java:1128)
	at java.base/java.util.concurrent.ThreadPoolExecutor$Worker.run(ThreadPoolExecutor.java:628)
	at java.base/java.lang.Thread.run(Thread.java:834)

23:57:43.429 [pool-3-thread-4] WARN net.thucydides.core.requirements.RequirementsTagProvider - Failed to load requirements: Illegal char <:> at index 4: file:\D:\CAPSTONE%20PROJECT%20KELOMPOK%2032\REST%20API%20CAPSTONE\src\test\resources\api\Login.feature
java.nio.file.InvalidPathException: Illegal char <:> at index 4: file:\D:\CAPSTONE%20PROJECT%20KELOMPOK%2032\REST%20API%20CAPSTONE\src\test\resources\api\Login.feature
	at java.base/sun.nio.fs.WindowsPathParser.normalize(WindowsPathParser.java:182)
	at java.base/sun.nio.fs.WindowsPathParser.parse(WindowsPathParser.java:153)
	at java.base/sun.nio.fs.WindowsPathParser.parse(WindowsPathParser.java:77)
	at java.base/sun.nio.fs.WindowsPath.parse(WindowsPath.java:92)
	at java.base/sun.nio.fs.WindowsFileSystem.getPath(WindowsFileSystem.java:229)
	at java.base/java.io.File.toPath(File.java:2329)
	at net.thucydides.core.requirements.RootDirectory.getRelativePathOf(RootDirectory.java:364)
	at net.thucydides.core.requirements.FileSystemRequirementsTagProvider.requirementWithMatchingPath(FileSystemRequirementsTagProvider.java:372)
	at net.thucydides.core.requirements.FileSystemRequirementsTagProvider.getParentRequirementOf(FileSystemRequirementsTagProvider.java:335)
	at net.thucydides.core.requirements.ParentRequirementsProvided.forOutcome(ParentRequirementsProvided.java:26)
	at net.thucydides.core.requirements.BaseRequirementsService.getParentRequirementOf(BaseRequirementsService.java:138)
	at net.thucydides.core.requirements.BaseRequirementsService.getParentRequirementFor(BaseRequirementsService.java:48)
	at net.thucydides.core.reports.html.HtmlAcceptanceTestReporter.addParentRequirmentFieldToContext(HtmlAcceptanceTestReporter.java:196)
	at net.thucydides.core.reports.html.HtmlAcceptanceTestReporter.addTestOutcomeToContext(HtmlAcceptanceTestReporter.java:190)
	at net.thucydides.core.reports.html.HtmlAcceptanceTestReporter.generateReportFor(HtmlAcceptanceTestReporter.java:105)
	at net.thucydides.core.reports.ReportService.generateReportFor(ReportService.java:246)
	at net.thucydides.core.reports.ReportService.lambda$generateReportsFor$0(ReportService.java:184)
	at java.base/java.util.concurrent.Executors$RunnableAdapter.call(Executors.java:515)
	at java.base/java.util.concurrent.FutureTask.run(FutureTask.java:264)
	at java.base/java.util.concurrent.ThreadPoolExecutor.runWorker(ThreadPoolExecutor.java:1128)
	at java.base/java.util.concurrent.ThreadPoolExecutor$Worker.run(ThreadPoolExecutor.java:628)
	at java.base/java.lang.Thread.run(Thread.java:834)

23:57:43.429 [pool-3-thread-1] WARN net.thucydides.core.requirements.RequirementsTagProvider - Failed to load requirements: Illegal char <:> at index 4: file:\D:\CAPSTONE%20PROJECT%20KELOMPOK%2032\REST%20API%20CAPSTONE\src\test\resources\api\LikeThread.feature
java.nio.file.InvalidPathException: Illegal char <:> at index 4: file:\D:\CAPSTONE%20PROJECT%20KELOMPOK%2032\REST%20API%20CAPSTONE\src\test\resources\api\LikeThread.feature
	at java.base/sun.nio.fs.WindowsPathParser.normalize(WindowsPathParser.java:182)
	at java.base/sun.nio.fs.WindowsPathParser.parse(WindowsPathParser.java:153)
	at java.base/sun.nio.fs.WindowsPathParser.parse(WindowsPathParser.java:77)
	at java.base/sun.nio.fs.WindowsPath.parse(WindowsPath.java:92)
	at java.base/sun.nio.fs.WindowsFileSystem.getPath(WindowsFileSystem.java:229)
	at java.base/java.io.File.toPath(File.java:2329)
	at net.thucydides.core.requirements.RootDirectory.getRelativePathOf(RootDirectory.java:364)
	at net.thucydides.core.requirements.FileSystemRequirementsTagProvider.requirementWithMatchingPath(FileSystemRequirementsTagProvider.java:372)
	at net.thucydides.core.requirements.FileSystemRequirementsTagProvider.getParentRequirementOf(FileSystemRequirementsTagProvider.java:335)
	at net.thucydides.core.requirements.ParentRequirementsProvided.forOutcome(ParentRequirementsProvided.java:26)
	at net.thucydides.core.requirements.BaseRequirementsService.getParentRequirementOf(BaseRequirementsService.java:138)
	at net.thucydides.core.requirements.BaseRequirementsService.getParentRequirementFor(BaseRequirementsService.java:48)
	at net.thucydides.core.reports.html.HtmlAcceptanceTestReporter.addParentRequirmentFieldToContext(HtmlAcceptanceTestReporter.java:196)
	at net.thucydides.core.reports.html.HtmlAcceptanceTestReporter.addTestOutcomeToContext(HtmlAcceptanceTestReporter.java:190)
	at net.thucydides.core.reports.html.HtmlAcceptanceTestReporter.generateReportFor(HtmlAcceptanceTestReporter.java:105)
	at net.thucydides.core.reports.ReportService.generateReportFor(ReportService.java:246)
	at net.thucydides.core.reports.ReportService.lambda$generateReportsFor$0(ReportService.java:184)
	at java.base/java.util.concurrent.Executors$RunnableAdapter.call(Executors.java:515)
	at java.base/java.util.concurrent.FutureTask.run(FutureTask.java:264)
	at java.base/java.util.concurrent.ThreadPoolExecutor.runWorker(ThreadPoolExecutor.java:1128)
	at java.base/java.util.concurrent.ThreadPoolExecutor$Worker.run(ThreadPoolExecutor.java:628)
	at java.base/java.lang.Thread.run(Thread.java:834)

23:57:43.430 [pool-3-thread-1] WARN net.thucydides.core.requirements.RequirementsTagProvider - Failed to load requirements: Illegal char <:> at index 4: file:\D:\CAPSTONE%20PROJECT%20KELOMPOK%2032\REST%20API%20CAPSTONE\src\test\resources\api\LikeThread.feature
java.nio.file.InvalidPathException: Illegal char <:> at index 4: file:\D:\CAPSTONE%20PROJECT%20KELOMPOK%2032\REST%20API%20CAPSTONE\src\test\resources\api\LikeThread.feature
	at java.base/sun.nio.fs.WindowsPathParser.normalize(WindowsPathParser.java:182)
	at java.base/sun.nio.fs.WindowsPathParser.parse(WindowsPathParser.java:153)
	at java.base/sun.nio.fs.WindowsPathParser.parse(WindowsPathParser.java:77)
	at java.base/sun.nio.fs.WindowsPath.parse(WindowsPath.java:92)
	at java.base/sun.nio.fs.WindowsFileSystem.getPath(WindowsFileSystem.java:229)
	at java.base/java.io.File.toPath(File.java:2329)
	at net.thucydides.core.requirements.RootDirectory.getRelativePathOf(RootDirectory.java:364)
	at net.thucydides.core.requirements.FileSystemRequirementsTagProvider.requirementWithMatchingPath(FileSystemRequirementsTagProvider.java:372)
	at net.thucydides.core.requirements.FileSystemRequirementsTagProvider.getParentRequirementOf(FileSystemRequirementsTagProvider.java:335)
	at net.thucydides.core.requirements.ParentRequirementsProvided.forOutcome(ParentRequirementsProvided.java:26)
	at net.thucydides.core.requirements.BaseRequirementsService.getParentRequirementOf(BaseRequirementsService.java:138)
	at net.thucydides.core.requirements.BaseRequirementsService.getAncestorRequirementsFor(BaseRequirementsService.java:78)
	at net.thucydides.core.reports.html.HtmlAcceptanceTestReporter.addBreadcrumbs(HtmlAcceptanceTestReporter.java:226)
	at net.thucydides.core.reports.html.HtmlAcceptanceTestReporter.addParentRequirmentFieldToContext(HtmlAcceptanceTestReporter.java:214)
	at net.thucydides.core.reports.html.HtmlAcceptanceTestReporter.addTestOutcomeToContext(HtmlAcceptanceTestReporter.java:190)
	at net.thucydides.core.reports.html.HtmlAcceptanceTestReporter.generateReportFor(HtmlAcceptanceTestReporter.java:105)
	at net.thucydides.core.reports.ReportService.generateReportFor(ReportService.java:246)
	at net.thucydides.core.reports.ReportService.lambda$generateReportsFor$0(ReportService.java:184)
	at java.base/java.util.concurrent.Executors$RunnableAdapter.call(Executors.java:515)
	at java.base/java.util.concurrent.FutureTask.run(FutureTask.java:264)
	at java.base/java.util.concurrent.ThreadPoolExecutor.runWorker(ThreadPoolExecutor.java:1128)
	at java.base/java.util.concurrent.ThreadPoolExecutor$Worker.run(ThreadPoolExecutor.java:628)
	at java.base/java.lang.Thread.run(Thread.java:834)

23:57:43.431 [pool-3-thread-2] WARN net.thucydides.core.requirements.RequirementsTagProvider - Failed to load requirements: Illegal char <:> at index 4: file:\D:\CAPSTONE%20PROJECT%20KELOMPOK%2032\REST%20API%20CAPSTONE\src\test\resources\api\LikeThread.feature
java.nio.file.InvalidPathException: Illegal char <:> at index 4: file:\D:\CAPSTONE%20PROJECT%20KELOMPOK%2032\REST%20API%20CAPSTONE\src\test\resources\api\LikeThread.feature
	at java.base/sun.nio.fs.WindowsPathParser.normalize(WindowsPathParser.java:182)
	at java.base/sun.nio.fs.WindowsPathParser.parse(WindowsPathParser.java:153)
	at java.base/sun.nio.fs.WindowsPathParser.parse(WindowsPathParser.java:77)
	at java.base/sun.nio.fs.WindowsPath.parse(WindowsPath.java:92)
	at java.base/sun.nio.fs.WindowsFileSystem.getPath(WindowsFileSystem.java:229)
	at java.base/java.io.File.toPath(File.java:2329)
	at net.thucydides.core.requirements.RootDirectory.getRelativePathOf(RootDirectory.java:364)
	at net.thucydides.core.requirements.FileSystemRequirementsTagProvider.requirementWithMatchingPath(FileSystemRequirementsTagProvider.java:372)
	at net.thucydides.core.requirements.FileSystemRequirementsTagProvider.getParentRequirementOf(FileSystemRequirementsTagProvider.java:335)
	at net.thucydides.core.requirements.ParentRequirementsProvided.forOutcome(ParentRequirementsProvided.java:26)
	at net.thucydides.core.requirements.BaseRequirementsService.getParentRequirementOf(BaseRequirementsService.java:138)
	at net.thucydides.core.requirements.BaseRequirementsService.getAncestorRequirementsFor(BaseRequirementsService.java:78)
	at net.thucydides.core.reports.html.HtmlAcceptanceTestReporter.addBreadcrumbs(HtmlAcceptanceTestReporter.java:226)
	at net.thucydides.core.reports.html.HtmlAcceptanceTestReporter.addParentRequirmentFieldToContext(HtmlAcceptanceTestReporter.java:214)
	at net.thucydides.core.reports.html.HtmlAcceptanceTestReporter.addTestOutcomeToContext(HtmlAcceptanceTestReporter.java:190)
	at net.thucydides.core.reports.html.HtmlAcceptanceTestReporter.generateReportFor(HtmlAcceptanceTestReporter.java:105)
	at net.thucydides.core.reports.ReportService.generateReportFor(ReportService.java:246)
	at net.thucydides.core.reports.ReportService.lambda$generateReportsFor$0(ReportService.java:184)
	at java.base/java.util.concurrent.Executors$RunnableAdapter.call(Executors.java:515)
	at java.base/java.util.concurrent.FutureTask.run(FutureTask.java:264)
	at java.base/java.util.concurrent.ThreadPoolExecutor.runWorker(ThreadPoolExecutor.java:1128)
	at java.base/java.util.concurrent.ThreadPoolExecutor$Worker.run(ThreadPoolExecutor.java:628)
	at java.base/java.lang.Thread.run(Thread.java:834)

23:57:43.431 [pool-3-thread-4] WARN net.thucydides.core.requirements.RequirementsTagProvider - Failed to load requirements: Illegal char <:> at index 4: file:\D:\CAPSTONE%20PROJECT%20KELOMPOK%2032\REST%20API%20CAPSTONE\src\test\resources\api\Login.feature
java.nio.file.InvalidPathException: Illegal char <:> at index 4: file:\D:\CAPSTONE%20PROJECT%20KELOMPOK%2032\REST%20API%20CAPSTONE\src\test\resources\api\Login.feature
	at java.base/sun.nio.fs.WindowsPathParser.normalize(WindowsPathParser.java:182)
	at java.base/sun.nio.fs.WindowsPathParser.parse(WindowsPathParser.java:153)
	at java.base/sun.nio.fs.WindowsPathParser.parse(WindowsPathParser.java:77)
	at java.base/sun.nio.fs.WindowsPath.parse(WindowsPath.java:92)
	at java.base/sun.nio.fs.WindowsFileSystem.getPath(WindowsFileSystem.java:229)
	at java.base/java.io.File.toPath(File.java:2329)
	at net.thucydides.core.requirements.RootDirectory.getRelativePathOf(RootDirectory.java:364)
	at net.thucydides.core.requirements.FileSystemRequirementsTagProvider.requirementWithMatchingPath(FileSystemRequirementsTagProvider.java:372)
	at net.thucydides.core.requirements.FileSystemRequirementsTagProvider.getParentRequirementOf(FileSystemRequirementsTagProvider.java:335)
	at net.thucydides.core.requirements.ParentRequirementsProvided.forOutcome(ParentRequirementsProvided.java:26)
	at net.thucydides.core.requirements.BaseRequirementsService.getParentRequirementOf(BaseRequirementsService.java:138)
	at net.thucydides.core.requirements.BaseRequirementsService.getAncestorRequirementsFor(BaseRequirementsService.java:78)
	at net.thucydides.core.reports.html.HtmlAcceptanceTestReporter.addBreadcrumbs(HtmlAcceptanceTestReporter.java:226)
	at net.thucydides.core.reports.html.HtmlAcceptanceTestReporter.addParentRequirmentFieldToContext(HtmlAcceptanceTestReporter.java:214)
	at net.thucydides.core.reports.html.HtmlAcceptanceTestReporter.addTestOutcomeToContext(HtmlAcceptanceTestReporter.java:190)
	at net.thucydides.core.reports.html.HtmlAcceptanceTestReporter.generateReportFor(HtmlAcceptanceTestReporter.java:105)
	at net.thucydides.core.reports.ReportService.generateReportFor(ReportService.java:246)
	at net.thucydides.core.reports.ReportService.lambda$generateReportsFor$0(ReportService.java:184)
	at java.base/java.util.concurrent.Executors$RunnableAdapter.call(Executors.java:515)
	at java.base/java.util.concurrent.FutureTask.run(FutureTask.java:264)
	at java.base/java.util.concurrent.ThreadPoolExecutor.runWorker(ThreadPoolExecutor.java:1128)
	at java.base/java.util.concurrent.ThreadPoolExecutor$Worker.run(ThreadPoolExecutor.java:628)
	at java.base/java.lang.Thread.run(Thread.java:834)

23:57:43.442 [pool-3-thread-2] WARN net.thucydides.core.requirements.RequirementsTagProvider - Failed to load requirements: Illegal char <:> at index 4: file:\D:\CAPSTONE%20PROJECT%20KELOMPOK%2032\REST%20API%20CAPSTONE\src\test\resources\api\LikeThread.feature
java.nio.file.InvalidPathException: Illegal char <:> at index 4: file:\D:\CAPSTONE%20PROJECT%20KELOMPOK%2032\REST%20API%20CAPSTONE\src\test\resources\api\LikeThread.feature
	at java.base/sun.nio.fs.WindowsPathParser.normalize(WindowsPathParser.java:182)
	at java.base/sun.nio.fs.WindowsPathParser.parse(WindowsPathParser.java:153)
	at java.base/sun.nio.fs.WindowsPathParser.parse(WindowsPathParser.java:77)
	at java.base/sun.nio.fs.WindowsPath.parse(WindowsPath.java:92)
	at java.base/sun.nio.fs.WindowsFileSystem.getPath(WindowsFileSystem.java:229)
	at java.base/java.io.File.toPath(File.java:2329)
	at net.thucydides.core.requirements.RootDirectory.getRelativePathOf(RootDirectory.java:364)
	at net.thucydides.core.requirements.FileSystemRequirementsTagProvider.requirementWithMatchingPath(FileSystemRequirementsTagProvider.java:372)
	at net.thucydides.core.requirements.FileSystemRequirementsTagProvider.getParentRequirementOf(FileSystemRequirementsTagProvider.java:335)
	at net.thucydides.core.requirements.ParentRequirementsProvided.forOutcome(ParentRequirementsProvided.java:26)
	at net.thucydides.core.requirements.BaseRequirementsService.getParentRequirementOf(BaseRequirementsService.java:138)
	at net.thucydides.core.requirements.BaseRequirementsService.getAncestorRequirementsFor(BaseRequirementsService.java:78)
	at net.thucydides.core.tags.BreadcrumbTagFilter.getRequirementBreadcrumbsFrom(BreadcrumbTagFilter.java:51)
	at net.thucydides.core.reports.html.HtmlAcceptanceTestReporter.addBreadcrumbs(HtmlAcceptanceTestReporter.java:227)
	at net.thucydides.core.reports.html.HtmlAcceptanceTestReporter.addParentRequirmentFieldToContext(HtmlAcceptanceTestReporter.java:214)
	at net.thucydides.core.reports.html.HtmlAcceptanceTestReporter.addTestOutcomeToContext(HtmlAcceptanceTestReporter.java:190)
	at net.thucydides.core.reports.html.HtmlAcceptanceTestReporter.generateReportFor(HtmlAcceptanceTestReporter.java:105)
	at net.thucydides.core.reports.ReportService.generateReportFor(ReportService.java:246)
	at net.thucydides.core.reports.ReportService.lambda$generateReportsFor$0(ReportService.java:184)
	at java.base/java.util.concurrent.Executors$RunnableAdapter.call(Executors.java:515)
	at java.base/java.util.concurrent.FutureTask.run(FutureTask.java:264)
	at java.base/java.util.concurrent.ThreadPoolExecutor.runWorker(ThreadPoolExecutor.java:1128)
	at java.base/java.util.concurrent.ThreadPoolExecutor$Worker.run(ThreadPoolExecutor.java:628)
	at java.base/java.lang.Thread.run(Thread.java:834)

23:57:43.442 [pool-3-thread-4] WARN net.thucydides.core.requirements.RequirementsTagProvider - Failed to load requirements: Illegal char <:> at index 4: file:\D:\CAPSTONE%20PROJECT%20KELOMPOK%2032\REST%20API%20CAPSTONE\src\test\resources\api\Login.feature
java.nio.file.InvalidPathException: Illegal char <:> at index 4: file:\D:\CAPSTONE%20PROJECT%20KELOMPOK%2032\REST%20API%20CAPSTONE\src\test\resources\api\Login.feature
	at java.base/sun.nio.fs.WindowsPathParser.normalize(WindowsPathParser.java:182)
	at java.base/sun.nio.fs.WindowsPathParser.parse(WindowsPathParser.java:153)
	at java.base/sun.nio.fs.WindowsPathParser.parse(WindowsPathParser.java:77)
	at java.base/sun.nio.fs.WindowsPath.parse(WindowsPath.java:92)
	at java.base/sun.nio.fs.WindowsFileSystem.getPath(WindowsFileSystem.java:229)
	at java.base/java.io.File.toPath(File.java:2329)
	at net.thucydides.core.requirements.RootDirectory.getRelativePathOf(RootDirectory.java:364)
	at net.thucydides.core.requirements.FileSystemRequirementsTagProvider.requirementWithMatchingPath(FileSystemRequirementsTagProvider.java:372)
	at net.thucydides.core.requirements.FileSystemRequirementsTagProvider.getParentRequirementOf(FileSystemRequirementsTagProvider.java:335)
	at net.thucydides.core.requirements.ParentRequirementsProvided.forOutcome(ParentRequirementsProvided.java:26)
	at net.thucydides.core.requirements.BaseRequirementsService.getParentRequirementOf(BaseRequirementsService.java:138)
	at net.thucydides.core.requirements.BaseRequirementsService.getAncestorRequirementsFor(BaseRequirementsService.java:78)
	at net.thucydides.core.tags.BreadcrumbTagFilter.getRequirementBreadcrumbsFrom(BreadcrumbTagFilter.java:51)
	at net.thucydides.core.reports.html.HtmlAcceptanceTestReporter.addBreadcrumbs(HtmlAcceptanceTestReporter.java:227)
	at net.thucydides.core.reports.html.HtmlAcceptanceTestReporter.addParentRequirmentFieldToContext(HtmlAcceptanceTestReporter.java:214)
	at net.thucydides.core.reports.html.HtmlAcceptanceTestReporter.addTestOutcomeToContext(HtmlAcceptanceTestReporter.java:190)
	at net.thucydides.core.reports.html.HtmlAcceptanceTestReporter.generateReportFor(HtmlAcceptanceTestReporter.java:105)
	at net.thucydides.core.reports.ReportService.generateReportFor(ReportService.java:246)
	at net.thucydides.core.reports.ReportService.lambda$generateReportsFor$0(ReportService.java:184)
	at java.base/java.util.concurrent.Executors$RunnableAdapter.call(Executors.java:515)
	at java.base/java.util.concurrent.FutureTask.run(FutureTask.java:264)
	at java.base/java.util.concurrent.ThreadPoolExecutor.runWorker(ThreadPoolExecutor.java:1128)
	at java.base/java.util.concurrent.ThreadPoolExecutor$Worker.run(ThreadPoolExecutor.java:628)
	at java.base/java.lang.Thread.run(Thread.java:834)

23:57:43.442 [pool-3-thread-1] WARN net.thucydides.core.requirements.RequirementsTagProvider - Failed to load requirements: Illegal char <:> at index 4: file:\D:\CAPSTONE%20PROJECT%20KELOMPOK%2032\REST%20API%20CAPSTONE\src\test\resources\api\LikeThread.feature
java.nio.file.InvalidPathException: Illegal char <:> at index 4: file:\D:\CAPSTONE%20PROJECT%20KELOMPOK%2032\REST%20API%20CAPSTONE\src\test\resources\api\LikeThread.feature
	at java.base/sun.nio.fs.WindowsPathParser.normalize(WindowsPathParser.java:182)
	at java.base/sun.nio.fs.WindowsPathParser.parse(WindowsPathParser.java:153)
	at java.base/sun.nio.fs.WindowsPathParser.parse(WindowsPathParser.java:77)
	at java.base/sun.nio.fs.WindowsPath.parse(WindowsPath.java:92)
	at java.base/sun.nio.fs.WindowsFileSystem.getPath(WindowsFileSystem.java:229)
	at java.base/java.io.File.toPath(File.java:2329)
	at net.thucydides.core.requirements.RootDirectory.getRelativePathOf(RootDirectory.java:364)
	at net.thucydides.core.requirements.FileSystemRequirementsTagProvider.requirementWithMatchingPath(FileSystemRequirementsTagProvider.java:372)
	at net.thucydides.core.requirements.FileSystemRequirementsTagProvider.getParentRequirementOf(FileSystemRequirementsTagProvider.java:335)
	at net.thucydides.core.requirements.ParentRequirementsProvided.forOutcome(ParentRequirementsProvided.java:26)
	at net.thucydides.core.requirements.BaseRequirementsService.getParentRequirementOf(BaseRequirementsService.java:138)
	at net.thucydides.core.requirements.BaseRequirementsService.getAncestorRequirementsFor(BaseRequirementsService.java:78)
	at net.thucydides.core.tags.BreadcrumbTagFilter.getRequirementBreadcrumbsFrom(BreadcrumbTagFilter.java:51)
	at net.thucydides.core.reports.html.HtmlAcceptanceTestReporter.addBreadcrumbs(HtmlAcceptanceTestReporter.java:227)
	at net.thucydides.core.reports.html.HtmlAcceptanceTestReporter.addParentRequirmentFieldToContext(HtmlAcceptanceTestReporter.java:214)
	at net.thucydides.core.reports.html.HtmlAcceptanceTestReporter.addTestOutcomeToContext(HtmlAcceptanceTestReporter.java:190)
	at net.thucydides.core.reports.html.HtmlAcceptanceTestReporter.generateReportFor(HtmlAcceptanceTestReporter.java:105)
	at net.thucydides.core.reports.ReportService.generateReportFor(ReportService.java:246)
	at net.thucydides.core.reports.ReportService.lambda$generateReportsFor$0(ReportService.java:184)
	at java.base/java.util.concurrent.Executors$RunnableAdapter.call(Executors.java:515)
	at java.base/java.util.concurrent.FutureTask.run(FutureTask.java:264)
	at java.base/java.util.concurrent.ThreadPoolExecutor.runWorker(ThreadPoolExecutor.java:1128)
	at java.base/java.util.concurrent.ThreadPoolExecutor$Worker.run(ThreadPoolExecutor.java:628)
	at java.base/java.lang.Thread.run(Thread.java:834)

23:57:43.474 [pool-3-thread-3] WARN net.thucydides.core.requirements.RequirementsTagProvider - Failed to load requirements: Illegal char <:> at index 4: file:\D:\CAPSTONE%20PROJECT%20KELOMPOK%2032\REST%20API%20CAPSTONE\src\test\resources\api\Login.feature
java.nio.file.InvalidPathException: Illegal char <:> at index 4: file:\D:\CAPSTONE%20PROJECT%20KELOMPOK%2032\REST%20API%20CAPSTONE\src\test\resources\api\Login.feature
	at java.base/sun.nio.fs.WindowsPathParser.normalize(WindowsPathParser.java:182)
	at java.base/sun.nio.fs.WindowsPathParser.parse(WindowsPathParser.java:153)
	at java.base/sun.nio.fs.WindowsPathParser.parse(WindowsPathParser.java:77)
	at java.base/sun.nio.fs.WindowsPath.parse(WindowsPath.java:92)
	at java.base/sun.nio.fs.WindowsFileSystem.getPath(WindowsFileSystem.java:229)
	at java.base/java.io.File.toPath(File.java:2329)
	at net.thucydides.core.requirements.RootDirectory.getRelativePathOf(RootDirectory.java:364)
	at net.thucydides.core.requirements.FileSystemRequirementsTagProvider.requirementWithMatchingPath(FileSystemRequirementsTagProvider.java:372)
	at net.thucydides.core.requirements.FileSystemRequirementsTagProvider.getParentRequirementOf(FileSystemRequirementsTagProvider.java:335)
	at net.thucydides.core.requirements.ParentRequirementsProvided.forOutcome(ParentRequirementsProvided.java:26)
	at net.thucydides.core.requirements.BaseRequirementsService.getParentRequirementOf(BaseRequirementsService.java:138)
	at net.thucydides.core.requirements.BaseRequirementsService.getParentRequirementFor(BaseRequirementsService.java:48)
	at net.thucydides.core.reports.html.HtmlAcceptanceTestReporter.addParentRequirmentFieldToContext(HtmlAcceptanceTestReporter.java:196)
	at net.thucydides.core.reports.html.HtmlAcceptanceTestReporter.addTestOutcomeToContext(HtmlAcceptanceTestReporter.java:190)
	at net.thucydides.core.reports.html.HtmlAcceptanceTestReporter.generateReportFor(HtmlAcceptanceTestReporter.java:105)
	at net.thucydides.core.reports.ReportService.generateReportFor(ReportService.java:246)
	at net.thucydides.core.reports.ReportService.lambda$generateReportsFor$0(ReportService.java:184)
	at java.base/java.util.concurrent.Executors$RunnableAdapter.call(Executors.java:515)
	at java.base/java.util.concurrent.FutureTask.run(FutureTask.java:264)
	at java.base/java.util.concurrent.ThreadPoolExecutor.runWorker(ThreadPoolExecutor.java:1128)
	at java.base/java.util.concurrent.ThreadPoolExecutor$Worker.run(ThreadPoolExecutor.java:628)
	at java.base/java.lang.Thread.run(Thread.java:834)

23:57:43.474 [pool-3-thread-3] WARN net.thucydides.core.requirements.RequirementsTagProvider - Failed to load requirements: Illegal char <:> at index 4: file:\D:\CAPSTONE%20PROJECT%20KELOMPOK%2032\REST%20API%20CAPSTONE\src\test\resources\api\Login.feature
java.nio.file.InvalidPathException: Illegal char <:> at index 4: file:\D:\CAPSTONE%20PROJECT%20KELOMPOK%2032\REST%20API%20CAPSTONE\src\test\resources\api\Login.feature
	at java.base/sun.nio.fs.WindowsPathParser.normalize(WindowsPathParser.java:182)
	at java.base/sun.nio.fs.WindowsPathParser.parse(WindowsPathParser.java:153)
	at java.base/sun.nio.fs.WindowsPathParser.parse(WindowsPathParser.java:77)
	at java.base/sun.nio.fs.WindowsPath.parse(WindowsPath.java:92)
	at java.base/sun.nio.fs.WindowsFileSystem.getPath(WindowsFileSystem.java:229)
	at java.base/java.io.File.toPath(File.java:2329)
	at net.thucydides.core.requirements.RootDirectory.getRelativePathOf(RootDirectory.java:364)
	at net.thucydides.core.requirements.FileSystemRequirementsTagProvider.requirementWithMatchingPath(FileSystemRequirementsTagProvider.java:372)
	at net.thucydides.core.requirements.FileSystemRequirementsTagProvider.getParentRequirementOf(FileSystemRequirementsTagProvider.java:335)
	at net.thucydides.core.requirements.ParentRequirementsProvided.forOutcome(ParentRequirementsProvided.java:26)
	at net.thucydides.core.requirements.BaseRequirementsService.getParentRequirementOf(BaseRequirementsService.java:138)
	at net.thucydides.core.requirements.BaseRequirementsService.getAncestorRequirementsFor(BaseRequirementsService.java:78)
	at net.thucydides.core.reports.html.HtmlAcceptanceTestReporter.addBreadcrumbs(HtmlAcceptanceTestReporter.java:226)
	at net.thucydides.core.reports.html.HtmlAcceptanceTestReporter.addParentRequirmentFieldToContext(HtmlAcceptanceTestReporter.java:214)
	at net.thucydides.core.reports.html.HtmlAcceptanceTestReporter.addTestOutcomeToContext(HtmlAcceptanceTestReporter.java:190)
	at net.thucydides.core.reports.html.HtmlAcceptanceTestReporter.generateReportFor(HtmlAcceptanceTestReporter.java:105)
	at net.thucydides.core.reports.ReportService.generateReportFor(ReportService.java:246)
	at net.thucydides.core.reports.ReportService.lambda$generateReportsFor$0(ReportService.java:184)
	at java.base/java.util.concurrent.Executors$RunnableAdapter.call(Executors.java:515)
	at java.base/java.util.concurrent.FutureTask.run(FutureTask.java:264)
	at java.base/java.util.concurrent.ThreadPoolExecutor.runWorker(ThreadPoolExecutor.java:1128)
	at java.base/java.util.concurrent.ThreadPoolExecutor$Worker.run(ThreadPoolExecutor.java:628)
	at java.base/java.lang.Thread.run(Thread.java:834)

23:57:43.475 [pool-3-thread-3] WARN net.thucydides.core.requirements.RequirementsTagProvider - Failed to load requirements: Illegal char <:> at index 4: file:\D:\CAPSTONE%20PROJECT%20KELOMPOK%2032\REST%20API%20CAPSTONE\src\test\resources\api\Login.feature
java.nio.file.InvalidPathException: Illegal char <:> at index 4: file:\D:\CAPSTONE%20PROJECT%20KELOMPOK%2032\REST%20API%20CAPSTONE\src\test\resources\api\Login.feature
	at java.base/sun.nio.fs.WindowsPathParser.normalize(WindowsPathParser.java:182)
	at java.base/sun.nio.fs.WindowsPathParser.parse(WindowsPathParser.java:153)
	at java.base/sun.nio.fs.WindowsPathParser.parse(WindowsPathParser.java:77)
	at java.base/sun.nio.fs.WindowsPath.parse(WindowsPath.java:92)
	at java.base/sun.nio.fs.WindowsFileSystem.getPath(WindowsFileSystem.java:229)
	at java.base/java.io.File.toPath(File.java:2329)
	at net.thucydides.core.requirements.RootDirectory.getRelativePathOf(RootDirectory.java:364)
	at net.thucydides.core.requirements.FileSystemRequirementsTagProvider.requirementWithMatchingPath(FileSystemRequirementsTagProvider.java:372)
	at net.thucydides.core.requirements.FileSystemRequirementsTagProvider.getParentRequirementOf(FileSystemRequirementsTagProvider.java:335)
	at net.thucydides.core.requirements.ParentRequirementsProvided.forOutcome(ParentRequirementsProvided.java:26)
	at net.thucydides.core.requirements.BaseRequirementsService.getParentRequirementOf(BaseRequirementsService.java:138)
	at net.thucydides.core.requirements.BaseRequirementsService.getAncestorRequirementsFor(BaseRequirementsService.java:78)
	at net.thucydides.core.tags.BreadcrumbTagFilter.getRequirementBreadcrumbsFrom(BreadcrumbTagFilter.java:51)
	at net.thucydides.core.reports.html.HtmlAcceptanceTestReporter.addBreadcrumbs(HtmlAcceptanceTestReporter.java:227)
	at net.thucydides.core.reports.html.HtmlAcceptanceTestReporter.addParentRequirmentFieldToContext(HtmlAcceptanceTestReporter.java:214)
	at net.thucydides.core.reports.html.HtmlAcceptanceTestReporter.addTestOutcomeToContext(HtmlAcceptanceTestReporter.java:190)
	at net.thucydides.core.reports.html.HtmlAcceptanceTestReporter.generateReportFor(HtmlAcceptanceTestReporter.java:105)
	at net.thucydides.core.reports.ReportService.generateReportFor(ReportService.java:246)
	at net.thucydides.core.reports.ReportService.lambda$generateReportsFor$0(ReportService.java:184)
	at java.base/java.util.concurrent.Executors$RunnableAdapter.call(Executors.java:515)
	at java.base/java.util.concurrent.FutureTask.run(FutureTask.java:264)
	at java.base/java.util.concurrent.ThreadPoolExecutor.runWorker(ThreadPoolExecutor.java:1128)
	at java.base/java.util.concurrent.ThreadPoolExecutor$Worker.run(ThreadPoolExecutor.java:628)
	at java.base/java.lang.Thread.run(Thread.java:834)

23:57:43.666 [pool-3-thread-1] DEBUG serenity.reporting - Generating report in 2ecd2fdf6f437a2d21353dbc908fa2926deffba7505be9bb4233d0a0ddbb85ef.html

23:57:43.667 [pool-3-thread-2] DEBUG serenity.reporting - Generating report in efaaaa5f4749f5cb131646c316e4c68496899ace8c84b349c9a0cd47361ef782.html

23:57:44.665 [pool-3-thread-1] DEBUG serenity.reporting - Generated report 2ecd2fdf6f437a2d21353dbc908fa2926deffba7505be9bb4233d0a0ddbb85ef.html in 999 ms

23:57:44.665 [pool-3-thread-1] DEBUG net.thucydides.core.reports.ReportService - Processing test outcome As a user i can like or unlike thread:User like a thread done

23:57:44.665 [pool-3-thread-1] DEBUG net.thucydides.core.reports.ReportService - Processing test outcome As a user on login page:User input unvalid email and valid password

23:57:44.665 [pool-3-thread-1] INFO net.thucydides.core.reports.ReportService - net.thucydides.core.reports.html.HtmlAcceptanceTestReporter@7c27442c: Generating report for test outcome: As a user on login page:User input unvalid email and valid password

23:57:44.666 [pool-3-thread-1] WARN net.thucydides.core.requirements.RequirementsTagProvider - Failed to load requirements: Illegal char <:> at index 4: file:\D:\CAPSTONE%20PROJECT%20KELOMPOK%2032\REST%20API%20CAPSTONE\src\test\resources\api\Login.feature
java.nio.file.InvalidPathException: Illegal char <:> at index 4: file:\D:\CAPSTONE%20PROJECT%20KELOMPOK%2032\REST%20API%20CAPSTONE\src\test\resources\api\Login.feature
	at java.base/sun.nio.fs.WindowsPathParser.normalize(WindowsPathParser.java:182)
	at java.base/sun.nio.fs.WindowsPathParser.parse(WindowsPathParser.java:153)
	at java.base/sun.nio.fs.WindowsPathParser.parse(WindowsPathParser.java:77)
	at java.base/sun.nio.fs.WindowsPath.parse(WindowsPath.java:92)
	at java.base/sun.nio.fs.WindowsFileSystem.getPath(WindowsFileSystem.java:229)
	at java.base/java.io.File.toPath(File.java:2329)
	at net.thucydides.core.requirements.RootDirectory.getRelativePathOf(RootDirectory.java:364)
	at net.thucydides.core.requirements.FileSystemRequirementsTagProvider.requirementWithMatchingPath(FileSystemRequirementsTagProvider.java:372)
	at net.thucydides.core.requirements.FileSystemRequirementsTagProvider.getParentRequirementOf(FileSystemRequirementsTagProvider.java:335)
	at net.thucydides.core.requirements.ParentRequirementsProvided.forOutcome(ParentRequirementsProvided.java:26)
	at net.thucydides.core.requirements.BaseRequirementsService.getParentRequirementOf(BaseRequirementsService.java:138)
	at net.thucydides.core.requirements.BaseRequirementsService.getParentRequirementFor(BaseRequirementsService.java:48)
	at net.thucydides.core.reports.html.HtmlAcceptanceTestReporter.addParentRequirmentFieldToContext(HtmlAcceptanceTestReporter.java:196)
	at net.thucydides.core.reports.html.HtmlAcceptanceTestReporter.addTestOutcomeToContext(HtmlAcceptanceTestReporter.java:190)
	at net.thucydides.core.reports.html.HtmlAcceptanceTestReporter.generateReportFor(HtmlAcceptanceTestReporter.java:105)
	at net.thucydides.core.reports.ReportService.generateReportFor(ReportService.java:246)
	at net.thucydides.core.reports.ReportService.lambda$generateReportsFor$0(ReportService.java:184)
	at java.base/java.util.concurrent.Executors$RunnableAdapter.call(Executors.java:515)
	at java.base/java.util.concurrent.FutureTask.run(FutureTask.java:264)
	at java.base/java.util.concurrent.ThreadPoolExecutor.runWorker(ThreadPoolExecutor.java:1128)
	at java.base/java.util.concurrent.ThreadPoolExecutor$Worker.run(ThreadPoolExecutor.java:628)
	at java.base/java.lang.Thread.run(Thread.java:834)

23:57:44.666 [pool-3-thread-1] WARN net.thucydides.core.requirements.RequirementsTagProvider - Failed to load requirements: Illegal char <:> at index 4: file:\D:\CAPSTONE%20PROJECT%20KELOMPOK%2032\REST%20API%20CAPSTONE\src\test\resources\api\Login.feature
java.nio.file.InvalidPathException: Illegal char <:> at index 4: file:\D:\CAPSTONE%20PROJECT%20KELOMPOK%2032\REST%20API%20CAPSTONE\src\test\resources\api\Login.feature
	at java.base/sun.nio.fs.WindowsPathParser.normalize(WindowsPathParser.java:182)
	at java.base/sun.nio.fs.WindowsPathParser.parse(WindowsPathParser.java:153)
	at java.base/sun.nio.fs.WindowsPathParser.parse(WindowsPathParser.java:77)
	at java.base/sun.nio.fs.WindowsPath.parse(WindowsPath.java:92)
	at java.base/sun.nio.fs.WindowsFileSystem.getPath(WindowsFileSystem.java:229)
	at java.base/java.io.File.toPath(File.java:2329)
	at net.thucydides.core.requirements.RootDirectory.getRelativePathOf(RootDirectory.java:364)
	at net.thucydides.core.requirements.FileSystemRequirementsTagProvider.requirementWithMatchingPath(FileSystemRequirementsTagProvider.java:372)
	at net.thucydides.core.requirements.FileSystemRequirementsTagProvider.getParentRequirementOf(FileSystemRequirementsTagProvider.java:335)
	at net.thucydides.core.requirements.ParentRequirementsProvided.forOutcome(ParentRequirementsProvided.java:26)
	at net.thucydides.core.requirements.BaseRequirementsService.getParentRequirementOf(BaseRequirementsService.java:138)
	at net.thucydides.core.requirements.BaseRequirementsService.getAncestorRequirementsFor(BaseRequirementsService.java:78)
	at net.thucydides.core.reports.html.HtmlAcceptanceTestReporter.addBreadcrumbs(HtmlAcceptanceTestReporter.java:226)
	at net.thucydides.core.reports.html.HtmlAcceptanceTestReporter.addParentRequirmentFieldToContext(HtmlAcceptanceTestReporter.java:214)
	at net.thucydides.core.reports.html.HtmlAcceptanceTestReporter.addTestOutcomeToContext(HtmlAcceptanceTestReporter.java:190)
	at net.thucydides.core.reports.html.HtmlAcceptanceTestReporter.generateReportFor(HtmlAcceptanceTestReporter.java:105)
	at net.thucydides.core.reports.ReportService.generateReportFor(ReportService.java:246)
	at net.thucydides.core.reports.ReportService.lambda$generateReportsFor$0(ReportService.java:184)
	at java.base/java.util.concurrent.Executors$RunnableAdapter.call(Executors.java:515)
	at java.base/java.util.concurrent.FutureTask.run(FutureTask.java:264)
	at java.base/java.util.concurrent.ThreadPoolExecutor.runWorker(ThreadPoolExecutor.java:1128)
	at java.base/java.util.concurrent.ThreadPoolExecutor$Worker.run(ThreadPoolExecutor.java:628)
	at java.base/java.lang.Thread.run(Thread.java:834)

23:57:44.667 [pool-3-thread-1] WARN net.thucydides.core.requirements.RequirementsTagProvider - Failed to load requirements: Illegal char <:> at index 4: file:\D:\CAPSTONE%20PROJECT%20KELOMPOK%2032\REST%20API%20CAPSTONE\src\test\resources\api\Login.feature
java.nio.file.InvalidPathException: Illegal char <:> at index 4: file:\D:\CAPSTONE%20PROJECT%20KELOMPOK%2032\REST%20API%20CAPSTONE\src\test\resources\api\Login.feature
	at java.base/sun.nio.fs.WindowsPathParser.normalize(WindowsPathParser.java:182)
	at java.base/sun.nio.fs.WindowsPathParser.parse(WindowsPathParser.java:153)
	at java.base/sun.nio.fs.WindowsPathParser.parse(WindowsPathParser.java:77)
	at java.base/sun.nio.fs.WindowsPath.parse(WindowsPath.java:92)
	at java.base/sun.nio.fs.WindowsFileSystem.getPath(WindowsFileSystem.java:229)
	at java.base/java.io.File.toPath(File.java:2329)
	at net.thucydides.core.requirements.RootDirectory.getRelativePathOf(RootDirectory.java:364)
	at net.thucydides.core.requirements.FileSystemRequirementsTagProvider.requirementWithMatchingPath(FileSystemRequirementsTagProvider.java:372)
	at net.thucydides.core.requirements.FileSystemRequirementsTagProvider.getParentRequirementOf(FileSystemRequirementsTagProvider.java:335)
	at net.thucydides.core.requirements.ParentRequirementsProvided.forOutcome(ParentRequirementsProvided.java:26)
	at net.thucydides.core.requirements.BaseRequirementsService.getParentRequirementOf(BaseRequirementsService.java:138)
	at net.thucydides.core.requirements.BaseRequirementsService.getAncestorRequirementsFor(BaseRequirementsService.java:78)
	at net.thucydides.core.tags.BreadcrumbTagFilter.getRequirementBreadcrumbsFrom(BreadcrumbTagFilter.java:51)
	at net.thucydides.core.reports.html.HtmlAcceptanceTestReporter.addBreadcrumbs(HtmlAcceptanceTestReporter.java:227)
	at net.thucydides.core.reports.html.HtmlAcceptanceTestReporter.addParentRequirmentFieldToContext(HtmlAcceptanceTestReporter.java:214)
	at net.thucydides.core.reports.html.HtmlAcceptanceTestReporter.addTestOutcomeToContext(HtmlAcceptanceTestReporter.java:190)
	at net.thucydides.core.reports.html.HtmlAcceptanceTestReporter.generateReportFor(HtmlAcceptanceTestReporter.java:105)
	at net.thucydides.core.reports.ReportService.generateReportFor(ReportService.java:246)
	at net.thucydides.core.reports.ReportService.lambda$generateReportsFor$0(ReportService.java:184)
	at java.base/java.util.concurrent.Executors$RunnableAdapter.call(Executors.java:515)
	at java.base/java.util.concurrent.FutureTask.run(FutureTask.java:264)
	at java.base/java.util.concurrent.ThreadPoolExecutor.runWorker(ThreadPoolExecutor.java:1128)
	at java.base/java.util.concurrent.ThreadPoolExecutor$Worker.run(ThreadPoolExecutor.java:628)
	at java.base/java.lang.Thread.run(Thread.java:834)

23:57:44.670 [pool-3-thread-1] DEBUG serenity.reporting - Generating report in 631bce4a02f45b704a967ce40e05e23c340ba396a2f7693f0341bd42797d6e1e.html

23:57:44.684 [pool-3-thread-2] DEBUG serenity.reporting - Generated report efaaaa5f4749f5cb131646c316e4c68496899ace8c84b349c9a0cd47361ef782.html in 1017 ms

23:57:44.684 [pool-3-thread-2] DEBUG net.thucydides.core.reports.ReportService - Processing test outcome As a user i can like or unlike thread:User unlike a thread done

23:57:44.684 [pool-3-thread-2] DEBUG net.thucydides.core.reports.ReportService - Processing test outcome As a user on login page:User input unvalid email and unvalid password

23:57:44.684 [pool-3-thread-2] INFO net.thucydides.core.reports.ReportService - net.thucydides.core.reports.html.HtmlAcceptanceTestReporter@7c27442c: Generating report for test outcome: As a user on login page:User input unvalid email and unvalid password

23:57:44.685 [pool-3-thread-2] WARN net.thucydides.core.requirements.RequirementsTagProvider - Failed to load requirements: Illegal char <:> at index 4: file:\D:\CAPSTONE%20PROJECT%20KELOMPOK%2032\REST%20API%20CAPSTONE\src\test\resources\api\Login.feature
java.nio.file.InvalidPathException: Illegal char <:> at index 4: file:\D:\CAPSTONE%20PROJECT%20KELOMPOK%2032\REST%20API%20CAPSTONE\src\test\resources\api\Login.feature
	at java.base/sun.nio.fs.WindowsPathParser.normalize(WindowsPathParser.java:182)
	at java.base/sun.nio.fs.WindowsPathParser.parse(WindowsPathParser.java:153)
	at java.base/sun.nio.fs.WindowsPathParser.parse(WindowsPathParser.java:77)
	at java.base/sun.nio.fs.WindowsPath.parse(WindowsPath.java:92)
	at java.base/sun.nio.fs.WindowsFileSystem.getPath(WindowsFileSystem.java:229)
	at java.base/java.io.File.toPath(File.java:2329)
	at net.thucydides.core.requirements.RootDirectory.getRelativePathOf(RootDirectory.java:364)
	at net.thucydides.core.requirements.FileSystemRequirementsTagProvider.requirementWithMatchingPath(FileSystemRequirementsTagProvider.java:372)
	at net.thucydides.core.requirements.FileSystemRequirementsTagProvider.getParentRequirementOf(FileSystemRequirementsTagProvider.java:335)
	at net.thucydides.core.requirements.ParentRequirementsProvided.forOutcome(ParentRequirementsProvided.java:26)
	at net.thucydides.core.requirements.BaseRequirementsService.getParentRequirementOf(BaseRequirementsService.java:138)
	at net.thucydides.core.requirements.BaseRequirementsService.getParentRequirementFor(BaseRequirementsService.java:48)
	at net.thucydides.core.reports.html.HtmlAcceptanceTestReporter.addParentRequirmentFieldToContext(HtmlAcceptanceTestReporter.java:196)
	at net.thucydides.core.reports.html.HtmlAcceptanceTestReporter.addTestOutcomeToContext(HtmlAcceptanceTestReporter.java:190)
	at net.thucydides.core.reports.html.HtmlAcceptanceTestReporter.generateReportFor(HtmlAcceptanceTestReporter.java:105)
	at net.thucydides.core.reports.ReportService.generateReportFor(ReportService.java:246)
	at net.thucydides.core.reports.ReportService.lambda$generateReportsFor$0(ReportService.java:184)
	at java.base/java.util.concurrent.Executors$RunnableAdapter.call(Executors.java:515)
	at java.base/java.util.concurrent.FutureTask.run(FutureTask.java:264)
	at java.base/java.util.concurrent.ThreadPoolExecutor.runWorker(ThreadPoolExecutor.java:1128)
	at java.base/java.util.concurrent.ThreadPoolExecutor$Worker.run(ThreadPoolExecutor.java:628)
	at java.base/java.lang.Thread.run(Thread.java:834)

23:57:44.686 [pool-3-thread-2] WARN net.thucydides.core.requirements.RequirementsTagProvider - Failed to load requirements: Illegal char <:> at index 4: file:\D:\CAPSTONE%20PROJECT%20KELOMPOK%2032\REST%20API%20CAPSTONE\src\test\resources\api\Login.feature
java.nio.file.InvalidPathException: Illegal char <:> at index 4: file:\D:\CAPSTONE%20PROJECT%20KELOMPOK%2032\REST%20API%20CAPSTONE\src\test\resources\api\Login.feature
	at java.base/sun.nio.fs.WindowsPathParser.normalize(WindowsPathParser.java:182)
	at java.base/sun.nio.fs.WindowsPathParser.parse(WindowsPathParser.java:153)
	at java.base/sun.nio.fs.WindowsPathParser.parse(WindowsPathParser.java:77)
	at java.base/sun.nio.fs.WindowsPath.parse(WindowsPath.java:92)
	at java.base/sun.nio.fs.WindowsFileSystem.getPath(WindowsFileSystem.java:229)
	at java.base/java.io.File.toPath(File.java:2329)
	at net.thucydides.core.requirements.RootDirectory.getRelativePathOf(RootDirectory.java:364)
	at net.thucydides.core.requirements.FileSystemRequirementsTagProvider.requirementWithMatchingPath(FileSystemRequirementsTagProvider.java:372)
	at net.thucydides.core.requirements.FileSystemRequirementsTagProvider.getParentRequirementOf(FileSystemRequirementsTagProvider.java:335)
	at net.thucydides.core.requirements.ParentRequirementsProvided.forOutcome(ParentRequirementsProvided.java:26)
	at net.thucydides.core.requirements.BaseRequirementsService.getParentRequirementOf(BaseRequirementsService.java:138)
	at net.thucydides.core.requirements.BaseRequirementsService.getAncestorRequirementsFor(BaseRequirementsService.java:78)
	at net.thucydides.core.reports.html.HtmlAcceptanceTestReporter.addBreadcrumbs(HtmlAcceptanceTestReporter.java:226)
	at net.thucydides.core.reports.html.HtmlAcceptanceTestReporter.addParentRequirmentFieldToContext(HtmlAcceptanceTestReporter.java:214)
	at net.thucydides.core.reports.html.HtmlAcceptanceTestReporter.addTestOutcomeToContext(HtmlAcceptanceTestReporter.java:190)
	at net.thucydides.core.reports.html.HtmlAcceptanceTestReporter.generateReportFor(HtmlAcceptanceTestReporter.java:105)
	at net.thucydides.core.reports.ReportService.generateReportFor(ReportService.java:246)
	at net.thucydides.core.reports.ReportService.lambda$generateReportsFor$0(ReportService.java:184)
	at java.base/java.util.concurrent.Executors$RunnableAdapter.call(Executors.java:515)
	at java.base/java.util.concurrent.FutureTask.run(FutureTask.java:264)
	at java.base/java.util.concurrent.ThreadPoolExecutor.runWorker(ThreadPoolExecutor.java:1128)
	at java.base/java.util.concurrent.ThreadPoolExecutor$Worker.run(ThreadPoolExecutor.java:628)
	at java.base/java.lang.Thread.run(Thread.java:834)

23:57:44.686 [pool-3-thread-2] WARN net.thucydides.core.requirements.RequirementsTagProvider - Failed to load requirements: Illegal char <:> at index 4: file:\D:\CAPSTONE%20PROJECT%20KELOMPOK%2032\REST%20API%20CAPSTONE\src\test\resources\api\Login.feature
java.nio.file.InvalidPathException: Illegal char <:> at index 4: file:\D:\CAPSTONE%20PROJECT%20KELOMPOK%2032\REST%20API%20CAPSTONE\src\test\resources\api\Login.feature
	at java.base/sun.nio.fs.WindowsPathParser.normalize(WindowsPathParser.java:182)
	at java.base/sun.nio.fs.WindowsPathParser.parse(WindowsPathParser.java:153)
	at java.base/sun.nio.fs.WindowsPathParser.parse(WindowsPathParser.java:77)
	at java.base/sun.nio.fs.WindowsPath.parse(WindowsPath.java:92)
	at java.base/sun.nio.fs.WindowsFileSystem.getPath(WindowsFileSystem.java:229)
	at java.base/java.io.File.toPath(File.java:2329)
	at net.thucydides.core.requirements.RootDirectory.getRelativePathOf(RootDirectory.java:364)
	at net.thucydides.core.requirements.FileSystemRequirementsTagProvider.requirementWithMatchingPath(FileSystemRequirementsTagProvider.java:372)
	at net.thucydides.core.requirements.FileSystemRequirementsTagProvider.getParentRequirementOf(FileSystemRequirementsTagProvider.java:335)
	at net.thucydides.core.requirements.ParentRequirementsProvided.forOutcome(ParentRequirementsProvided.java:26)
	at net.thucydides.core.requirements.BaseRequirementsService.getParentRequirementOf(BaseRequirementsService.java:138)
	at net.thucydides.core.requirements.BaseRequirementsService.getAncestorRequirementsFor(BaseRequirementsService.java:78)
	at net.thucydides.core.tags.BreadcrumbTagFilter.getRequirementBreadcrumbsFrom(BreadcrumbTagFilter.java:51)
	at net.thucydides.core.reports.html.HtmlAcceptanceTestReporter.addBreadcrumbs(HtmlAcceptanceTestReporter.java:227)
	at net.thucydides.core.reports.html.HtmlAcceptanceTestReporter.addParentRequirmentFieldToContext(HtmlAcceptanceTestReporter.java:214)
	at net.thucydides.core.reports.html.HtmlAcceptanceTestReporter.addTestOutcomeToContext(HtmlAcceptanceTestReporter.java:190)
	at net.thucydides.core.reports.html.HtmlAcceptanceTestReporter.generateReportFor(HtmlAcceptanceTestReporter.java:105)
	at net.thucydides.core.reports.ReportService.generateReportFor(ReportService.java:246)
	at net.thucydides.core.reports.ReportService.lambda$generateReportsFor$0(ReportService.java:184)
	at java.base/java.util.concurrent.Executors$RunnableAdapter.call(Executors.java:515)
	at java.base/java.util.concurrent.FutureTask.run(FutureTask.java:264)
	at java.base/java.util.concurrent.ThreadPoolExecutor.runWorker(ThreadPoolExecutor.java:1128)
	at java.base/java.util.concurrent.ThreadPoolExecutor$Worker.run(ThreadPoolExecutor.java:628)
	at java.base/java.lang.Thread.run(Thread.java:834)

23:57:44.689 [pool-3-thread-2] DEBUG serenity.reporting - Generating report in f19865c149dc716105221c0ddb73fbc96dea530bad4fd722a5fec67d3599d71b.html

23:57:44.707 [pool-3-thread-2] DEBUG serenity.reporting - Generated report f19865c149dc716105221c0ddb73fbc96dea530bad4fd722a5fec67d3599d71b.html in 18 ms

23:57:44.707 [pool-3-thread-2] DEBUG net.thucydides.core.reports.ReportService - Processing test outcome As a user on login page:User input unvalid email and unvalid password done

23:57:44.707 [pool-3-thread-2] DEBUG net.thucydides.core.reports.ReportService - Processing test outcome As a user on profil page:User get data profile

23:57:44.708 [pool-3-thread-2] INFO net.thucydides.core.reports.ReportService - net.thucydides.core.reports.html.HtmlAcceptanceTestReporter@7c27442c: Generating report for test outcome: As a user on profil page:User get data profile

23:57:44.708 [pool-3-thread-2] WARN net.thucydides.core.requirements.RequirementsTagProvider - Failed to load requirements: Illegal char <:> at index 4: file:\D:\CAPSTONE%20PROJECT%20KELOMPOK%2032\REST%20API%20CAPSTONE\src\test\resources\api\Profile.feature
java.nio.file.InvalidPathException: Illegal char <:> at index 4: file:\D:\CAPSTONE%20PROJECT%20KELOMPOK%2032\REST%20API%20CAPSTONE\src\test\resources\api\Profile.feature
	at java.base/sun.nio.fs.WindowsPathParser.normalize(WindowsPathParser.java:182)
	at java.base/sun.nio.fs.WindowsPathParser.parse(WindowsPathParser.java:153)
	at java.base/sun.nio.fs.WindowsPathParser.parse(WindowsPathParser.java:77)
	at java.base/sun.nio.fs.WindowsPath.parse(WindowsPath.java:92)
[...]
	at java.base/sun.nio.fs.WindowsPath.parse(WindowsPath.java:92)
	at java.base/sun.nio.fs.WindowsFileSystem.getPath(WindowsFileSystem.java:229)
	at java.base/java.io.File.toPath(File.java:2329)
	at net.thucydides.core.requirements.RootDirectory.getRelativePathOf(RootDirectory.java:364)
	at net.thucydides.core.requirements.FileSystemRequirementsTagProvider.requirementWithMatchingPath(FileSystemRequirementsTagProvider.java:372)
	at net.thucydides.core.requirements.FileSystemRequirementsTagProvider.getParentRequirementOf(FileSystemRequirementsTagProvider.java:335)
	at net.thucydides.core.requirements.ParentRequirementsProvided.forOutcome(ParentRequirementsProvided.java:26)
	at net.thucydides.core.requirements.BaseRequirementsService.getParentRequirementOf(BaseRequirementsService.java:138)
	at net.thucydides.core.requirements.BaseRequirementsService.getAncestorRequirementsFor(BaseRequirementsService.java:78)
	at net.thucydides.core.reports.html.HtmlAcceptanceTestReporter.addBreadcrumbs(HtmlAcceptanceTestReporter.java:226)
	at net.thucydides.core.reports.html.HtmlAcceptanceTestReporter.addParentRequirmentFieldToContext(HtmlAcceptanceTestReporter.java:214)
	at net.thucydides.core.reports.html.HtmlAcceptanceTestReporter.addTestOutcomeToContext(HtmlAcceptanceTestReporter.java:190)
	at net.thucydides.core.reports.html.HtmlAcceptanceTestReporter.generateReportFor(HtmlAcceptanceTestReporter.java:105)
	at net.thucydides.core.reports.ReportService.generateReportFor(ReportService.java:246)
	at net.thucydides.core.reports.ReportService.lambda$generateReportsFor$0(ReportService.java:184)
	at java.base/java.util.concurrent.Executors$RunnableAdapter.call(Executors.java:515)
	at java.base/java.util.concurrent.FutureTask.run(FutureTask.java:264)
	at java.base/java.util.concurrent.ThreadPoolExecutor.runWorker(ThreadPoolExecutor.java:1128)
	at java.base/java.util.concurrent.ThreadPoolExecutor$Worker.run(ThreadPoolExecutor.java:628)
	at java.base/java.lang.Thread.run(Thread.java:834)

23:57:45.130 [pool-3-thread-2] WARN net.thucydides.core.requirements.RequirementsTagProvider - Failed to load requirements: Illegal char <:> at index 4: file:\D:\CAPSTONE%20PROJECT%20KELOMPOK%2032\REST%20API%20CAPSTONE\src\test\resources\api\User.feature
java.nio.file.InvalidPathException: Illegal char <:> at index 4: file:\D:\CAPSTONE%20PROJECT%20KELOMPOK%2032\REST%20API%20CAPSTONE\src\test\resources\api\User.feature
	at java.base/sun.nio.fs.WindowsPathParser.normalize(WindowsPathParser.java:182)
	at java.base/sun.nio.fs.WindowsPathParser.parse(WindowsPathParser.java:153)
	at java.base/sun.nio.fs.WindowsPathParser.parse(WindowsPathParser.java:77)
	at java.base/sun.nio.fs.WindowsPath.parse(WindowsPath.java:92)
	at java.base/sun.nio.fs.WindowsFileSystem.getPath(WindowsFileSystem.java:229)
	at java.base/java.io.File.toPath(File.java:2329)
	at net.thucydides.core.requirements.RootDirectory.getRelativePathOf(RootDirectory.java:364)
	at net.thucydides.core.requirements.FileSystemRequirementsTagProvider.requirementWithMatchingPath(FileSystemRequirementsTagProvider.java:372)
	at net.thucydides.core.requirements.FileSystemRequirementsTagProvider.getParentRequirementOf(FileSystemRequirementsTagProvider.java:335)
	at net.thucydides.core.requirements.ParentRequirementsProvided.forOutcome(ParentRequirementsProvided.java:26)
	at net.thucydides.core.requirements.BaseRequirementsService.getParentRequirementOf(BaseRequirementsService.java:138)
	at net.thucydides.core.requirements.BaseRequirementsService.getAncestorRequirementsFor(BaseRequirementsService.java:78)
	at net.thucydides.core.tags.BreadcrumbTagFilter.getRequirementBreadcrumbsFrom(BreadcrumbTagFilter.java:51)
	at net.thucydides.core.reports.html.HtmlAcceptanceTestReporter.addBreadcrumbs(HtmlAcceptanceTestReporter.java:227)
	at net.thucydides.core.reports.html.HtmlAcceptanceTestReporter.addParentRequirmentFieldToContext(HtmlAcceptanceTestReporter.java:214)
	at net.thucydides.core.reports.html.HtmlAcceptanceTestReporter.addTestOutcomeToContext(HtmlAcceptanceTestReporter.java:190)
	at net.thucydides.core.reports.html.HtmlAcceptanceTestReporter.generateReportFor(HtmlAcceptanceTestReporter.java:105)
	at net.thucydides.core.reports.ReportService.generateReportFor(ReportService.java:246)
	at net.thucydides.core.reports.ReportService.lambda$generateReportsFor$0(ReportService.java:184)
	at java.base/java.util.concurrent.Executors$RunnableAdapter.call(Executors.java:515)
	at java.base/java.util.concurrent.FutureTask.run(FutureTask.java:264)
	at java.base/java.util.concurrent.ThreadPoolExecutor.runWorker(ThreadPoolExecutor.java:1128)
	at java.base/java.util.concurrent.ThreadPoolExecutor$Worker.run(ThreadPoolExecutor.java:628)
	at java.base/java.lang.Thread.run(Thread.java:834)

23:57:45.131 [pool-3-thread-2] DEBUG serenity.reporting - Generating report in 1d03f904aa03d5bab7156566a6c17bd20a5070aea58fd2e6ebb9975b9d4ba840.html

23:57:45.131 [pool-3-thread-1] DEBUG serenity.reporting - Generating report in 53381b2a884123045a1976eb55cbe2ecdcfe65a43dc35c9167e7c21c2e0cccac.html

23:57:45.153 [pool-3-thread-1] DEBUG serenity.reporting - Generated report 53381b2a884123045a1976eb55cbe2ecdcfe65a43dc35c9167e7c21c2e0cccac.html in 22 ms

23:57:45.153 [pool-3-thread-1] DEBUG net.thucydides.core.reports.ReportService - Processing test outcome User:get data followers details done

23:57:45.158 [pool-3-thread-2] DEBUG serenity.reporting - Generated report 1d03f904aa03d5bab7156566a6c17bd20a5070aea58fd2e6ebb9975b9d4ba840.html in 27 ms

23:57:45.158 [pool-3-thread-2] DEBUG net.thucydides.core.reports.ReportService - Processing test outcome User:get data following details users done

23:57:45.634 [pool-3-thread-3] DEBUG serenity.reporting - Generating report in b5b5431d8b6e20d5cffbcf71ec59506106c6122872620d160bc75c0a719257c6.html

23:57:45.634 [pool-3-thread-4] DEBUG serenity.reporting - Generating report in 66a9e9a62113a9ffd93c83c9820c41dfacef5dc889f9a3d9127b7c685ab2204f.html

23:57:45.644 [pool-3-thread-4] DEBUG serenity.reporting - Generated report 66a9e9a62113a9ffd93c83c9820c41dfacef5dc889f9a3d9127b7c685ab2204f.html in 10 ms

23:57:45.644 [pool-3-thread-4] DEBUG net.thucydides.core.reports.ReportService - Processing test outcome As a user on login page:User input valid email and unvalid password done

23:57:45.647 [pool-3-thread-3] DEBUG serenity.reporting - Generated report b5b5431d8b6e20d5cffbcf71ec59506106c6122872620d160bc75c0a719257c6.html in 13 ms

23:57:45.647 [pool-3-thread-3] DEBUG net.thucydides.core.reports.ReportService - Processing test outcome As a user on login page:User input valid email and password done

23:57:45.647 [pool-2-thread-1] DEBUG net.thucydides.core.reports.ReportService - Shutting down executor service

23:57:45.648 [pool-2-thread-1] DEBUG net.thucydides.core.reports.ReportService - Reports generated in: 2247 ms

23:57:45.906 [pool-2-thread-1] INFO io.cucumber.core.plugin.SerenityReporter - Cleanup test resources for URI file:///D:/CAPSTONE%20PROJECT%20KELOMPOK%2032/REST%20API%20CAPSTONE/src/test/resources/api/LikeThread.feature

23:57:45.910 [pool-2-thread-1] INFO io.cucumber.core.plugin.SerenityReporter - Cleanup test resources for URI file:///D:/CAPSTONE%20PROJECT%20KELOMPOK%2032/REST%20API%20CAPSTONE/src/test/resources/api/Login.feature

23:57:45.913 [pool-2-thread-1] INFO io.cucumber.core.plugin.SerenityReporter - Cleanup test resources for URI file:///D:/CAPSTONE%20PROJECT%20KELOMPOK%2032/REST%20API%20CAPSTONE/src/test/resources/api/Profile.feature

23:57:45.915 [pool-2-thread-1] INFO io.cucumber.core.plugin.SerenityReporter - Cleanup test resources for URI file:///D:/CAPSTONE%20PROJECT%20KELOMPOK%2032/REST%20API%20CAPSTONE/src/test/resources/api/Register.feature

23:57:45.918 [pool-2-thread-1] INFO io.cucumber.core.plugin.SerenityReporter - Cleanup test resources for URI file:///D:/CAPSTONE%20PROJECT%20KELOMPOK%2032/REST%20API%20CAPSTONE/src/test/resources/api/Thread.feature

23:57:45.921 [pool-2-thread-1] INFO io.cucumber.core.plugin.SerenityReporter - Cleanup test resources for URI file:///D:/CAPSTONE%20PROJECT%20KELOMPOK%2032/REST%20API%20CAPSTONE/src/test/resources/api/User.feature


Scenario: get all data users            &amp#27;[90m# src/test/resources/api/User.feature:3&amp#27;[0m
23:57:41.339 [pool-2-thread-1] INFO io.cucumber.core.plugin.SerenityReporter - Running feature from file:///D:/CAPSTONE%20PROJECT%20KELOMPOK%2032/REST%20API%20CAPSTONE/src/test/resources/api/User.feature
23:57:41.339 [pool-2-thread-1] WARN io.cucumber.core.plugin.SerenityReporter - Feature from file:///D:/CAPSTONE%20PROJECT%20KELOMPOK%2032/REST%20API%20CAPSTONE/src/test/resources/api/User.feature is not under the 'features' directory. Requirements report will not be correctly generated!
23:57:41.343 [pool-2-thread-1] INFO  - 
  _____   ___   ___   _____     ___   _____     _     ___   _____   ___   ___  
 |_   _| | __| / __| |_   _|   / __| |_   _|   /_\   | _ \ |_   _| | __| |   \ 
   | |   | _|  \__ \   | |     \__ \   | |    / _ \  |   /   | |   | _|  | |) |
   |_|   |___| |___/   |_|     |___/   |_|   /_/ \_\ |_|_\   |_|   |___| |___/ 

get all data users(user;get-all-data-users)
--------------------------------------------------------------------------------
23:57:41.391 [pool-2-thread-1] DEBUG net.thucydides.core.steps.StepInterceptor - STARTING STEP: UserSteps.successAuthTokenA - successAuthA
23:57:41.757 [pool-2-thread-1] DEBUG net.thucydides.core.steps.StepInterceptor - STEP DONE: successAuthA
  &amp#27;[32mGiven &amp#27;[0m&amp#27;[32muser success auth using token a&amp#27;[0m &amp#27;[90m# Starter.StepDefinitions.UserSteps.successAuthTokenA()&amp#27;[0m
23:57:41.761 [pool-2-thread-1] DEBUG net.thucydides.core.steps.StepInterceptor - STARTING STEP: UserSteps.setGetAllUser - setGetAllUser
23:57:41.761 [pool-2-thread-1] DEBUG net.thucydides.core.steps.StepInterceptor - STEP DONE: setGetAllUser
  &amp#27;[32mWhen &amp#27;[0m&amp#27;[32muser set get all user endpoints&amp#27;[0m  &amp#27;[90m# Starter.StepDefinitions.UserSteps.setGetAllUser()&amp#27;[0m
23:57:41.766 [pool-2-thread-1] DEBUG net.thucydides.core.steps.StepInterceptor - STARTING STEP: UserSteps.sendGetAlluser - sendGetAllUserEndpoints
23:57:41.769 [pool-2-thread-1] DEBUG net.thucydides.core.steps.StepInterceptor - STARTING STEP: GetAllUsers.sendGetAllUserEndpoints - setGetAllUser
23:57:41.769 [pool-2-thread-1] DEBUG net.thucydides.core.steps.StepInterceptor - STEP DONE: setGetAllUser
23:57:42.029 [pool-2-thread-1] DEBUG net.thucydides.core.steps.StepInterceptor - STEP DONE: sendGetAllUserEndpoints
  &amp#27;[32mAnd &amp#27;[0m&amp#27;[32muser send get all user endpoints&amp#27;[0m  &amp#27;[90m# Starter.StepDefinitions.UserSteps.sendGetAlluser()&amp#27;[0m
23:57:42.032 [pool-2-thread-1] DEBUG net.thucydides.core.steps.StepInterceptor - STARTING STEP: UserSteps.getResponse1Code200 - get1ResponseCode200
23:57:42.033 [pool-2-thread-1] DEBUG net.thucydides.core.steps.StepInterceptor - STEP DONE: get1ResponseCode200
  &amp#27;[32mThen &amp#27;[0m&amp#27;[32muser get 1 respon code 200&amp#27;[0m       &amp#27;[90m# Starter.StepDefinitions.UserSteps.getResponse1Code200()&amp#27;[0m
23:57:42.035 [pool-2-thread-1] INFO  - 
  _____   ___   ___   _____     ___     _     ___   ___   ___   ___  
 |_   _| | __| / __| |_   _|   | _ \   /_\   / __| / __| | __| |   \ 
   | |   | _|  \__ \   | |     |  _/  / _ \  \__ \ \__ \ | _|  | |) |
   |_|   |___| |___/   |_|     |_|   /_/ \_\ |___/ |___/ |___| |___/ 

get all data users
----------------------------------------------------------------------
]]></system-out>
  </testcase>
  <testcase name="get data followers details" classname="User" time="0.515">
    <system-out><![CDATA[
Scenario: get data followers details            &amp#27;[90m# src/test/resources/api/User.feature:9&amp#27;[0m
23:57:42.040 [pool-2-thread-1] INFO io.cucumber.core.plugin.SerenityReporter - Running feature from file:///D:/CAPSTONE%20PROJECT%20KELOMPOK%2032/REST%20API%20CAPSTONE/src/test/resources/api/User.feature
23:57:42.040 [pool-2-thread-1] WARN io.cucumber.core.plugin.SerenityReporter - Feature from file:///D:/CAPSTONE%20PROJECT%20KELOMPOK%2032/REST%20API%20CAPSTONE/src/test/resources/api/User.feature is not under the 'features' directory. Requirements report will not be correctly generated!
23:57:42.042 [pool-2-thread-1] INFO  - 
  _____   ___   ___   _____     ___   _____     _     ___   _____   ___   ___  
 |_   _| | __| / __| |_   _|   / __| |_   _|   /_\   | _ \ |_   _| | __| |   \ 
   | |   | _|  \__ \   | |     \__ \   | |    / _ \  |   /   | |   | _|  | |) |
   |_|   |___| |___/   |_|     |___/   |_|   /_/ \_\ |_|_\   |_|   |___| |___/ 

get data followers details(user;get-data-followers-details)
--------------------------------------------------------------------------------
23:57:42.051 [pool-2-thread-1] DEBUG net.thucydides.core.steps.StepInterceptor - STARTING STEP: UserSteps.successAuthTokenB - successAuthB
23:57:42.330 [pool-2-thread-1] DEBUG net.thucydides.core.steps.StepInterceptor - STEP DONE: successAuthB
  &amp#27;[32mGiven &amp#27;[0m&amp#27;[32muser success auth using token b&amp#27;[0m         &amp#27;[90m# Starter.StepDefinitions.UserSteps.successAuthTokenB()&amp#27;[0m
23:57:42.333 [pool-2-thread-1] DEBUG net.thucydides.core.steps.StepInterceptor - STARTING STEP: UserSteps.setGetFollowers - setGetFollowersDetailsEndpoints
23:57:42.334 [pool-2-thread-1] DEBUG net.thucydides.core.steps.StepInterceptor - STEP DONE: setGetFollowersDetailsEndpoints
  &amp#27;[32mWhen &amp#27;[0m&amp#27;[32muser set get followers details endpoints&amp#27;[0m &amp#27;[90m# Starter.StepDefinitions.UserSteps.setGetFollowers()&amp#27;[0m
23:57:42.337 [pool-2-thread-1] DEBUG net.thucydides.core.steps.StepInterceptor - STARTING STEP: UserSteps.sendGetFollowers - sendFollowersdetailsEndpoints
23:57:42.338 [pool-2-thread-1] DEBUG net.thucydides.core.steps.StepInterceptor - STARTING STEP: GetFollowersDetails.sendFollowersdetailsEndpoints - setGetFollowersDetailsEndpoints
23:57:42.338 [pool-2-thread-1] DEBUG net.thucydides.core.steps.StepInterceptor - STEP DONE: setGetFollowersDetailsEndpoints
23:57:42.520 [pool-2-thread-1] DEBUG net.thucydides.core.steps.StepInterceptor - STEP DONE: sendFollowersdetailsEndpoints
  &amp#27;[32mAnd &amp#27;[0m&amp#27;[32muser send get followers details endpoints&amp#27;[0m &amp#27;[90m# Starter.StepDefinitions.UserSteps.sendGetFollowers()&amp#27;[0m
23:57:42.528 [pool-2-thread-1] DEBUG net.thucydides.core.steps.StepInterceptor - STARTING STEP: UserSteps.get2ResponseCode - get2ResponseCode200
23:57:42.529 [pool-2-thread-1] DEBUG net.thucydides.core.steps.StepInterceptor - STEP DONE: get2ResponseCode200
  &amp#27;[32mThen &amp#27;[0m&amp#27;[32muser get 2 respon code 200&amp#27;[0m               &amp#27;[90m# Starter.StepDefinitions.UserSteps.get2ResponseCode()&amp#27;[0m
23:57:42.537 [pool-2-thread-1] DEBUG net.thucydides.core.steps.StepInterceptor - STARTING STEP: UserSteps.getDetailsFollowers - receiveDetailsFollowers
23:57:42.548 [pool-2-thread-1] DEBUG net.thucydides.core.steps.StepInterceptor - STEP DONE: receiveDetailsFollowers
  &amp#27;[32mAnd &amp#27;[0m&amp#27;[32muser get message details followers&amp#27;[0m        &amp#27;[90m# Starter.StepDefinitions.UserSteps.getDetailsFollowers()&amp#27;[0m
23:57:42.550 [pool-2-thread-1] INFO  - 
  _____   ___   ___   _____     ___     _     ___   ___   ___   ___  
 |_   _| | __| / __| |_   _|   | _ \   /_\   / __| / __| | __| |   \ 
   | |   | _|  \__ \   | |     |  _/  / _ \  \__ \ \__ \ | _|  | |) |
   |_|   |___| |___/   |_|     |_|   /_/ \_\ |___/ |___/ |___| |___/ 

get data followers details
----------------------------------------------------------------------
]]></system-out>
  </testcase>
  <testcase name="get data following details users" classname="User" time="0.568">
    <system-out><![CDATA[
Scenario: get data following details users      &amp#27;[90m# src/test/resources/api/User.feature:16&amp#27;[0m
23:57:42.556 [pool-2-thread-1] INFO io.cucumber.core.plugin.SerenityReporter - Running feature from file:///D:/CAPSTONE%20PROJECT%20KELOMPOK%2032/REST%20API%20CAPSTONE/src/test/resources/api/User.feature
23:57:42.557 [pool-2-thread-1] WARN io.cucumber.core.plugin.SerenityReporter - Feature from file:///D:/CAPSTONE%20PROJECT%20KELOMPOK%2032/REST%20API%20CAPSTONE/src/test/resources/api/User.feature is not under the 'features' directory. Requirements report will not be correctly generated!
23:57:42.559 [pool-2-thread-1] INFO  - 
  _____   ___   ___   _____     ___   _____     _     ___   _____   ___   ___  
 |_   _| | __| / __| |_   _|   / __| |_   _|   /_\   | _ \ |_   _| | __| |   \ 
   | |   | _|  \__ \   | |     \__ \   | |    / _ \  |   /   | |   | _|  | |) |
   |_|   |___| |___/   |_|     |___/   |_|   /_/ \_\ |_|_\   |_|   |___| |___/ 

get data following details users(user;get-data-following-details-users)
--------------------------------------------------------------------------------
23:57:42.569 [pool-2-thread-1] DEBUG net.thucydides.core.steps.StepInterceptor - STARTING STEP: UserSteps.successAuthToken - successAuthC
23:57:42.872 [pool-2-thread-1] DEBUG net.thucydides.core.steps.StepInterceptor - STEP DONE: successAuthC
  &amp#27;[32mGiven &amp#27;[0m&amp#27;[32muser success auth using token c&amp#27;[0m         &amp#27;[90m# Starter.StepDefinitions.UserSteps.successAuthToken()&amp#27;[0m
23:57:42.876 [pool-2-thread-1] DEBUG net.thucydides.core.steps.StepInterceptor - STARTING STEP: UserSteps.getDetailsFollowingEndpoints - setGetFollowingDetailsEndpoints
23:57:42.876 [pool-2-thread-1] DEBUG net.thucydides.core.steps.StepInterceptor - STEP DONE: setGetFollowingDetailsEndpoints
  &amp#27;[32mWhen &amp#27;[0m&amp#27;[32muser set get following details endpoints&amp#27;[0m &amp#27;[90m# Starter.StepDefinitions.UserSteps.getDetailsFollowingEndpoints()&amp#27;[0m
23:57:42.879 [pool-2-thread-1] DEBUG net.thucydides.core.steps.StepInterceptor - STARTING STEP: UserSteps.sendGetFollowingEndpoints - sendFollowingdetailsEndpoints
23:57:42.881 [pool-2-thread-1] DEBUG net.thucydides.core.steps.StepInterceptor - STARTING STEP: GetFollowingDetails.sendFollowingdetailsEndpoints - setGetFollowingDetailsEndpoints
23:57:42.881 [pool-2-thread-1] DEBUG net.thucydides.core.steps.StepInterceptor - STEP DONE: setGetFollowingDetailsEndpoints
23:57:43.090 [pool-2-thread-1] DEBUG net.thucydides.core.steps.StepInterceptor - STEP DONE: sendFollowingdetailsEndpoints
  &amp#27;[32mAnd &amp#27;[0m&amp#27;[32muser send get following details endpoints&amp#27;[0m &amp#27;[90m# Starter.StepDefinitions.UserSteps.sendGetFollowingEndpoints()&amp#27;[0m
23:57:43.097 [pool-2-thread-1] DEBUG net.thucydides.core.steps.StepInterceptor - STARTING STEP: UserSteps.get3ResponseCode - get3ResponseCode200
23:57:43.098 [pool-2-thread-1] DEBUG net.thucydides.core.steps.StepInterceptor - STEP DONE: get3ResponseCode200
  &amp#27;[32mThen &amp#27;[0m&amp#27;[32muser get 3 respon code 200&amp#27;[0m               &amp#27;[90m# Starter.StepDefinitions.UserSteps.get3ResponseCode()&amp#27;[0m
23:57:43.105 [pool-2-thread-1] DEBUG net.thucydides.core.steps.StepInterceptor - STARTING STEP: UserSteps.getDetailsFollowingg - receiveDetailsFollowing
23:57:43.116 [pool-2-thread-1] DEBUG net.thucydides.core.steps.StepInterceptor - STEP DONE: receiveDetailsFollowing
  &amp#27;[32mAnd &amp#27;[0m&amp#27;[32muser get message details following&amp#27;[0m        &amp#27;[90m# Starter.StepDefinitions.UserSteps.getDetailsFollowingg()&amp#27;[0m
23:57:43.119 [pool-2-thread-1] INFO  - 
  _____   ___   ___   _____     ___     _     ___   ___   ___   ___  
 |_   _| | __| / __| |_   _|   | _ \   /_\   / __| / __| | __| |   \ 
   | |   | _|  \__ \   | |     |  _/  / _ \  \__ \ \__ \ | _|  | |) |
   |_|   |___| |___/   |_|     |_|   /_/ \_\ |___/ |___/ |___| |___/ 

get data following details users
----------------------------------------------------------------------
]]></system-out>
  </testcase>
</testsuite>