<?xml version="1.0" encoding="UTF-8"?><testsuite errors="0" failures="0" name="As a user on register page" skipped="0" tests="7" time="3.59" timestamp="2022-07-17 11:57:34"><testcase name="User register with valid data"/><testcase name="User register but no input firstname"/><testcase name="User register but no input lastname"/><testcase name="User register but no input email"/><testcase name="User register but no input password"/><testcase name="User register but no input tanggal lahir"/><testcase name="User register but no input jenis kelamin"/></testsuite>